<?xml version="1.0" encoding="UTF-8" ?>
<testsuite tests="1" failures="1" name="TestSuite" time="65.252" errors="0" skipped="0">
  <properties>
    <property name="java.runtime.name" value="Java(TM) SE Runtime Environment"/>
    <property name="sun.boot.library.path" value="C:\Program Files\Java\jdk1.8.0_131\jre\bin"/>
    <property name="java.vm.version" value="25.131-b11"/>
    <property name="java.vm.vendor" value="Oracle Corporation"/>
    <property name="java.vendor.url" value="http://java.oracle.com/"/>
    <property name="path.separator" value=";"/>
    <property name="java.vm.name" value="Java HotSpot(TM) 64-Bit Server VM"/>
    <property name="file.encoding.pkg" value="sun.io"/>
    <property name="user.script" value=""/>
    <property name="user.country" value="US"/>
    <property name="sun.java.launcher" value="SUN_STANDARD"/>
    <property name="sun.os.patch.level" value=""/>
    <property name="java.vm.specification.name" value="Java Virtual Machine Specification"/>
    <property name="user.dir" value="D:\MobizioFramework\AutomatedTesting\Mobizio"/>
    <property name="java.runtime.version" value="1.8.0_131-b11"/>
    <property name="java.awt.graphicsenv" value="sun.awt.Win32GraphicsEnvironment"/>
    <property name="basedir" value="D:\MobizioFramework\AutomatedTesting\Mobizio"/>
    <property name="java.endorsed.dirs" value="C:\Program Files\Java\jdk1.8.0_131\jre\lib\endorsed"/>
    <property name="os.arch" value="amd64"/>
    <property name="surefire.real.class.path" value="C:\Users\OMPRAK~1\AppData\Local\Temp\surefirebooter7207138292508282171.jar"/>
    <property name="java.io.tmpdir" value="C:\Users\OMPRAK~1\AppData\Local\Temp\"/>
    <property name="line.separator" value="
"/>
    <property name="java.vm.specification.vendor" value="Oracle Corporation"/>
    <property name="user.variant" value=""/>
    <property name="os.name" value="Windows 10"/>
    <property name="sun.jnu.encoding" value="Cp1252"/>
    <property name="jnidispatch.path" value="C:\Users\OMPRAK~1\AppData\Local\Temp\jna--1180889033\jna4136093505350525575.dll"/>
    <property name="java.library.path" value="C:\Program Files\Java\jdk1.8.0_131\jre\bin;C:\WINDOWS\Sun\Java\bin;C:\WINDOWS\system32;C:\WINDOWS;C:\ProgramData\Oracle\Java\javapath;C:\WINDOWS\system32;C:\WINDOWS;C:\WINDOWS\System32\Wbem;C:\WINDOWS\System32\WindowsPowerShell\v1.0\;C:\Program Files (x86)\Skype\Phone\;C:\Program Files\Java\jdk1.8.0_131\bin;C:\Program Files (x86)\Android\platform-tools;C:\Program Files (x86)\Android\tools;C:\apache-maven-3.5.0\bin;C:\Python34;C:\Python34\Scripts;C:\Program Files\Git\cmd;C:\Users\omprakashc\AppData\Local\Microsoft\WindowsApps;C:\Users\omprakashc\AppData\Local\GitHubDesktop\bin;."/>
    <property name="surefire.test.class.path" value="D:\MobizioFramework\AutomatedTesting\Mobizio\target\test-classes;D:\MobizioFramework\AutomatedTesting\Mobizio\target\classes;C:\Users\omprakashc\.m2\repository\org\testng\testng\6.8\testng-6.8.jar;C:\Users\omprakashc\.m2\repository\org\beanshell\bsh\2.0b4\bsh-2.0b4.jar;C:\Users\omprakashc\.m2\repository\com\beust\jcommander\1.27\jcommander-1.27.jar;C:\Users\omprakashc\.m2\repository\org\yaml\snakeyaml\1.6\snakeyaml-1.6.jar;C:\Users\omprakashc\.m2\repository\io\appium\java-client\4.1.2\java-client-4.1.2.jar;C:\Users\omprakashc\.m2\repository\com\google\code\gson\gson\2.7\gson-2.7.jar;C:\Users\omprakashc\.m2\repository\org\apache\httpcomponents\httpclient\4.5.2\httpclient-4.5.2.jar;C:\Users\omprakashc\.m2\repository\org\apache\httpcomponents\httpcore\4.4.4\httpcore-4.4.4.jar;C:\Users\omprakashc\.m2\repository\commons-logging\commons-logging\1.2\commons-logging-1.2.jar;C:\Users\omprakashc\.m2\repository\com\google\guava\guava\19.0\guava-19.0.jar;C:\Users\omprakashc\.m2\repository\commons-validator\commons-validator\1.5.1\commons-validator-1.5.1.jar;C:\Users\omprakashc\.m2\repository\commons-beanutils\commons-beanutils\1.9.2\commons-beanutils-1.9.2.jar;C:\Users\omprakashc\.m2\repository\commons-digester\commons-digester\1.8.1\commons-digester-1.8.1.jar;C:\Users\omprakashc\.m2\repository\commons-collections\commons-collections\3.2.2\commons-collections-3.2.2.jar;C:\Users\omprakashc\.m2\repository\org\apache\commons\commons-lang3\3.4\commons-lang3-3.4.jar;C:\Users\omprakashc\.m2\repository\cglib\cglib-nodep\3.2.4\cglib-nodep-3.2.4.jar;C:\Users\omprakashc\.m2\repository\org\springframework\spring-context\4.3.2.RELEASE\spring-context-4.3.2.RELEASE.jar;C:\Users\omprakashc\.m2\repository\org\springframework\spring-aop\4.3.2.RELEASE\spring-aop-4.3.2.RELEASE.jar;C:\Users\omprakashc\.m2\repository\org\springframework\spring-beans\4.3.2.RELEASE\spring-beans-4.3.2.RELEASE.jar;C:\Users\omprakashc\.m2\repository\org\springframework\spring-core\4.3.2.RELEASE\spring-core-4.3.2.RELEASE.jar;C:\Users\omprakashc\.m2\repository\org\springframework\spring-expression\4.3.2.RELEASE\spring-expression-4.3.2.RELEASE.jar;C:\Users\omprakashc\.m2\repository\org\aspectj\aspectjweaver\1.8.9\aspectjweaver-1.8.9.jar;C:\Users\omprakashc\.m2\repository\junit\junit\4.11\junit-4.11.jar;C:\Users\omprakashc\.m2\repository\org\hamcrest\hamcrest-core\1.3\hamcrest-core-1.3.jar;C:\Users\omprakashc\.m2\repository\org\slf4j\slf4j-api\1.7.5\slf4j-api-1.7.5.jar;C:\Users\omprakashc\.m2\repository\org\apache\poi\poi\3.15\poi-3.15.jar;C:\Users\omprakashc\.m2\repository\commons-codec\commons-codec\1.10\commons-codec-1.10.jar;C:\Users\omprakashc\.m2\repository\org\apache\commons\commons-collections4\4.1\commons-collections4-4.1.jar;C:\Users\omprakashc\.m2\repository\org\apache\poi\poi-ooxml-schemas\3.15\poi-ooxml-schemas-3.15.jar;C:\Users\omprakashc\.m2\repository\org\apache\xmlbeans\xmlbeans\2.4.0\xmlbeans-2.4.0.jar;C:\Users\omprakashc\.m2\repository\stax\stax-api\1.0.1\stax-api-1.0.1.jar;C:\Users\omprakashc\.m2\repository\org\uncommons\reportng\1.1.4\reportng-1.1.4.jar;C:\Users\omprakashc\.m2\repository\velocity\velocity\1.4\velocity-1.4.jar;C:\Users\omprakashc\.m2\repository\velocity\velocity-dep\1.4\velocity-dep-1.4.jar;C:\Users\omprakashc\.m2\repository\org\apache\poi\poi-ooxml\3.15\poi-ooxml-3.15.jar;C:\Users\omprakashc\.m2\repository\com\github\virtuald\curvesapi\1.04\curvesapi-1.04.jar;C:\Users\omprakashc\.m2\repository\ch\qos\logback\logback-classic\1.1.8\logback-classic-1.1.8.jar;C:\Users\omprakashc\.m2\repository\ch\qos\logback\logback-core\1.1.8\logback-core-1.1.8.jar;C:\Users\omprakashc\.m2\repository\log4j\log4j\1.2.15\log4j-1.2.15.jar;C:\Users\omprakashc\.m2\repository\javax\mail\mail\1.4\mail-1.4.jar;C:\Users\omprakashc\.m2\repository\javax\activation\activation\1.1\activation-1.1.jar;C:\Users\omprakashc\.m2\repository\com\google\inject\guice\3.0\guice-3.0.jar;C:\Users\omprakashc\.m2\repository\javax\inject\javax.inject\1\javax.inject-1.jar;C:\Users\omprakashc\.m2\repository\aopalliance\aopalliance\1.0\aopalliance-1.0.jar;C:\Users\omprakashc\.m2\repository\com\relevantcodes\extentreports\2.41.2\extentreports-2.41.2.jar;C:\Users\omprakashc\.m2\repository\org\jsoup\jsoup\1.8.3\jsoup-1.8.3.jar;C:\Users\omprakashc\.m2\repository\org\xerial\sqlite-jdbc\3.8.11.1\sqlite-jdbc-3.8.11.1.jar;C:\Users\omprakashc\.m2\repository\org\freemarker\freemarker\2.3.23\freemarker-2.3.23.jar;C:\Users\omprakashc\.m2\repository\org\mongodb\mongodb-driver\3.0.4\mongodb-driver-3.0.4.jar;C:\Users\omprakashc\.m2\repository\org\mongodb\bson\3.0.4\bson-3.0.4.jar;C:\Users\omprakashc\.m2\repository\org\mongodb\mongodb-driver-core\3.0.4\mongodb-driver-core-3.0.4.jar;C:\Users\omprakashc\.m2\repository\org\seleniumhq\selenium\selenium-java\3.0.1\selenium-java-3.0.1.jar;C:\Users\omprakashc\.m2\repository\org\seleniumhq\selenium\selenium-chrome-driver\3.0.1\selenium-chrome-driver-3.0.1.jar;C:\Users\omprakashc\.m2\repository\org\seleniumhq\selenium\selenium-remote-driver\3.0.1\selenium-remote-driver-3.0.1.jar;C:\Users\omprakashc\.m2\repository\org\seleniumhq\selenium\selenium-api\3.0.1\selenium-api-3.0.1.jar;C:\Users\omprakashc\.m2\repository\org\apache\commons\commons-exec\1.3\commons-exec-1.3.jar;C:\Users\omprakashc\.m2\repository\net\java\dev\jna\jna-platform\4.1.0\jna-platform-4.1.0.jar;C:\Users\omprakashc\.m2\repository\net\java\dev\jna\jna\4.1.0\jna-4.1.0.jar;C:\Users\omprakashc\.m2\repository\org\seleniumhq\selenium\selenium-edge-driver\3.0.1\selenium-edge-driver-3.0.1.jar;C:\Users\omprakashc\.m2\repository\org\seleniumhq\selenium\selenium-firefox-driver\3.0.1\selenium-firefox-driver-3.0.1.jar;C:\Users\omprakashc\.m2\repository\org\seleniumhq\selenium\selenium-ie-driver\3.0.1\selenium-ie-driver-3.0.1.jar;C:\Users\omprakashc\.m2\repository\org\seleniumhq\selenium\selenium-opera-driver\3.0.1\selenium-opera-driver-3.0.1.jar;C:\Users\omprakashc\.m2\repository\org\seleniumhq\selenium\selenium-safari-driver\3.0.1\selenium-safari-driver-3.0.1.jar;C:\Users\omprakashc\.m2\repository\io\netty\netty\3.5.7.Final\netty-3.5.7.Final.jar;C:\Users\omprakashc\.m2\repository\org\seleniumhq\selenium\selenium-support\3.0.1\selenium-support-3.0.1.jar;C:\Users\omprakashc\.m2\repository\net\sourceforge\htmlunit\htmlunit\2.23\htmlunit-2.23.jar;C:\Users\omprakashc\.m2\repository\xalan\xalan\2.7.2\xalan-2.7.2.jar;C:\Users\omprakashc\.m2\repository\xalan\serializer\2.7.2\serializer-2.7.2.jar;C:\Users\omprakashc\.m2\repository\org\apache\httpcomponents\httpmime\4.5.2\httpmime-4.5.2.jar;C:\Users\omprakashc\.m2\repository\net\sourceforge\htmlunit\htmlunit-core-js\2.23\htmlunit-core-js-2.23.jar;C:\Users\omprakashc\.m2\repository\net\sourceforge\htmlunit\neko-htmlunit\2.23\neko-htmlunit-2.23.jar;C:\Users\omprakashc\.m2\repository\xerces\xercesImpl\2.11.0\xercesImpl-2.11.0.jar;C:\Users\omprakashc\.m2\repository\xml-apis\xml-apis\1.4.01\xml-apis-1.4.01.jar;C:\Users\omprakashc\.m2\repository\net\sourceforge\cssparser\cssparser\0.9.20\cssparser-0.9.20.jar;C:\Users\omprakashc\.m2\repository\org\w3c\css\sac\1.3\sac-1.3.jar;C:\Users\omprakashc\.m2\repository\commons-io\commons-io\2.5\commons-io-2.5.jar;C:\Users\omprakashc\.m2\repository\com\codeborne\phantomjsdriver\1.3.0\phantomjsdriver-1.3.0.jar;C:\Users\omprakashc\.m2\repository\org\eclipse\jetty\websocket\websocket-client\9.2.15.v20160210\websocket-client-9.2.15.v20160210.jar;C:\Users\omprakashc\.m2\repository\org\eclipse\jetty\jetty-util\9.2.15.v20160210\jetty-util-9.2.15.v20160210.jar;C:\Users\omprakashc\.m2\repository\org\eclipse\jetty\jetty-io\9.2.15.v20160210\jetty-io-9.2.15.v20160210.jar;C:\Users\omprakashc\.m2\repository\org\eclipse\jetty\websocket\websocket-common\9.2.15.v20160210\websocket-common-9.2.15.v20160210.jar;C:\Users\omprakashc\.m2\repository\org\eclipse\jetty\websocket\websocket-api\9.2.15.v20160210\websocket-api-9.2.15.v20160210.jar;"/>
    <property name="java.specification.name" value="Java Platform API Specification"/>
    <property name="java.class.version" value="52.0"/>
    <property name="sun.management.compiler" value="HotSpot 64-Bit Tiered Compilers"/>
    <property name="os.version" value="10.0"/>
    <property name="user.home" value="C:\Users\omprakashc"/>
    <property name="user.timezone" value="Asia/Calcutta"/>
    <property name="java.awt.printerjob" value="sun.awt.windows.WPrinterJob"/>
    <property name="java.specification.version" value="1.8"/>
    <property name="file.encoding" value="Cp1252"/>
    <property name="user.name" value="omprakashc"/>
    <property name="java.class.path" value="D:\MobizioFramework\AutomatedTesting\Mobizio\target\test-classes;D:\MobizioFramework\AutomatedTesting\Mobizio\target\classes;C:\Users\omprakashc\.m2\repository\org\testng\testng\6.8\testng-6.8.jar;C:\Users\omprakashc\.m2\repository\org\beanshell\bsh\2.0b4\bsh-2.0b4.jar;C:\Users\omprakashc\.m2\repository\com\beust\jcommander\1.27\jcommander-1.27.jar;C:\Users\omprakashc\.m2\repository\org\yaml\snakeyaml\1.6\snakeyaml-1.6.jar;C:\Users\omprakashc\.m2\repository\io\appium\java-client\4.1.2\java-client-4.1.2.jar;C:\Users\omprakashc\.m2\repository\com\google\code\gson\gson\2.7\gson-2.7.jar;C:\Users\omprakashc\.m2\repository\org\apache\httpcomponents\httpclient\4.5.2\httpclient-4.5.2.jar;C:\Users\omprakashc\.m2\repository\org\apache\httpcomponents\httpcore\4.4.4\httpcore-4.4.4.jar;C:\Users\omprakashc\.m2\repository\commons-logging\commons-logging\1.2\commons-logging-1.2.jar;C:\Users\omprakashc\.m2\repository\com\google\guava\guava\19.0\guava-19.0.jar;C:\Users\omprakashc\.m2\repository\commons-validator\commons-validator\1.5.1\commons-validator-1.5.1.jar;C:\Users\omprakashc\.m2\repository\commons-beanutils\commons-beanutils\1.9.2\commons-beanutils-1.9.2.jar;C:\Users\omprakashc\.m2\repository\commons-digester\commons-digester\1.8.1\commons-digester-1.8.1.jar;C:\Users\omprakashc\.m2\repository\commons-collections\commons-collections\3.2.2\commons-collections-3.2.2.jar;C:\Users\omprakashc\.m2\repository\org\apache\commons\commons-lang3\3.4\commons-lang3-3.4.jar;C:\Users\omprakashc\.m2\repository\cglib\cglib-nodep\3.2.4\cglib-nodep-3.2.4.jar;C:\Users\omprakashc\.m2\repository\org\springframework\spring-context\4.3.2.RELEASE\spring-context-4.3.2.RELEASE.jar;C:\Users\omprakashc\.m2\repository\org\springframework\spring-aop\4.3.2.RELEASE\spring-aop-4.3.2.RELEASE.jar;C:\Users\omprakashc\.m2\repository\org\springframework\spring-beans\4.3.2.RELEASE\spring-beans-4.3.2.RELEASE.jar;C:\Users\omprakashc\.m2\repository\org\springframework\spring-core\4.3.2.RELEASE\spring-core-4.3.2.RELEASE.jar;C:\Users\omprakashc\.m2\repository\org\springframework\spring-expression\4.3.2.RELEASE\spring-expression-4.3.2.RELEASE.jar;C:\Users\omprakashc\.m2\repository\org\aspectj\aspectjweaver\1.8.9\aspectjweaver-1.8.9.jar;C:\Users\omprakashc\.m2\repository\junit\junit\4.11\junit-4.11.jar;C:\Users\omprakashc\.m2\repository\org\hamcrest\hamcrest-core\1.3\hamcrest-core-1.3.jar;C:\Users\omprakashc\.m2\repository\org\slf4j\slf4j-api\1.7.5\slf4j-api-1.7.5.jar;C:\Users\omprakashc\.m2\repository\org\apache\poi\poi\3.15\poi-3.15.jar;C:\Users\omprakashc\.m2\repository\commons-codec\commons-codec\1.10\commons-codec-1.10.jar;C:\Users\omprakashc\.m2\repository\org\apache\commons\commons-collections4\4.1\commons-collections4-4.1.jar;C:\Users\omprakashc\.m2\repository\org\apache\poi\poi-ooxml-schemas\3.15\poi-ooxml-schemas-3.15.jar;C:\Users\omprakashc\.m2\repository\org\apache\xmlbeans\xmlbeans\2.4.0\xmlbeans-2.4.0.jar;C:\Users\omprakashc\.m2\repository\stax\stax-api\1.0.1\stax-api-1.0.1.jar;C:\Users\omprakashc\.m2\repository\org\uncommons\reportng\1.1.4\reportng-1.1.4.jar;C:\Users\omprakashc\.m2\repository\velocity\velocity\1.4\velocity-1.4.jar;C:\Users\omprakashc\.m2\repository\velocity\velocity-dep\1.4\velocity-dep-1.4.jar;C:\Users\omprakashc\.m2\repository\org\apache\poi\poi-ooxml\3.15\poi-ooxml-3.15.jar;C:\Users\omprakashc\.m2\repository\com\github\virtuald\curvesapi\1.04\curvesapi-1.04.jar;C:\Users\omprakashc\.m2\repository\ch\qos\logback\logback-classic\1.1.8\logback-classic-1.1.8.jar;C:\Users\omprakashc\.m2\repository\ch\qos\logback\logback-core\1.1.8\logback-core-1.1.8.jar;C:\Users\omprakashc\.m2\repository\log4j\log4j\1.2.15\log4j-1.2.15.jar;C:\Users\omprakashc\.m2\repository\javax\mail\mail\1.4\mail-1.4.jar;C:\Users\omprakashc\.m2\repository\javax\activation\activation\1.1\activation-1.1.jar;C:\Users\omprakashc\.m2\repository\com\google\inject\guice\3.0\guice-3.0.jar;C:\Users\omprakashc\.m2\repository\javax\inject\javax.inject\1\javax.inject-1.jar;C:\Users\omprakashc\.m2\repository\aopalliance\aopalliance\1.0\aopalliance-1.0.jar;C:\Users\omprakashc\.m2\repository\com\relevantcodes\extentreports\2.41.2\extentreports-2.41.2.jar;C:\Users\omprakashc\.m2\repository\org\jsoup\jsoup\1.8.3\jsoup-1.8.3.jar;C:\Users\omprakashc\.m2\repository\org\xerial\sqlite-jdbc\3.8.11.1\sqlite-jdbc-3.8.11.1.jar;C:\Users\omprakashc\.m2\repository\org\freemarker\freemarker\2.3.23\freemarker-2.3.23.jar;C:\Users\omprakashc\.m2\repository\org\mongodb\mongodb-driver\3.0.4\mongodb-driver-3.0.4.jar;C:\Users\omprakashc\.m2\repository\org\mongodb\bson\3.0.4\bson-3.0.4.jar;C:\Users\omprakashc\.m2\repository\org\mongodb\mongodb-driver-core\3.0.4\mongodb-driver-core-3.0.4.jar;C:\Users\omprakashc\.m2\repository\org\seleniumhq\selenium\selenium-java\3.0.1\selenium-java-3.0.1.jar;C:\Users\omprakashc\.m2\repository\org\seleniumhq\selenium\selenium-chrome-driver\3.0.1\selenium-chrome-driver-3.0.1.jar;C:\Users\omprakashc\.m2\repository\org\seleniumhq\selenium\selenium-remote-driver\3.0.1\selenium-remote-driver-3.0.1.jar;C:\Users\omprakashc\.m2\repository\org\seleniumhq\selenium\selenium-api\3.0.1\selenium-api-3.0.1.jar;C:\Users\omprakashc\.m2\repository\org\apache\commons\commons-exec\1.3\commons-exec-1.3.jar;C:\Users\omprakashc\.m2\repository\net\java\dev\jna\jna-platform\4.1.0\jna-platform-4.1.0.jar;C:\Users\omprakashc\.m2\repository\net\java\dev\jna\jna\4.1.0\jna-4.1.0.jar;C:\Users\omprakashc\.m2\repository\org\seleniumhq\selenium\selenium-edge-driver\3.0.1\selenium-edge-driver-3.0.1.jar;C:\Users\omprakashc\.m2\repository\org\seleniumhq\selenium\selenium-firefox-driver\3.0.1\selenium-firefox-driver-3.0.1.jar;C:\Users\omprakashc\.m2\repository\org\seleniumhq\selenium\selenium-ie-driver\3.0.1\selenium-ie-driver-3.0.1.jar;C:\Users\omprakashc\.m2\repository\org\seleniumhq\selenium\selenium-opera-driver\3.0.1\selenium-opera-driver-3.0.1.jar;C:\Users\omprakashc\.m2\repository\org\seleniumhq\selenium\selenium-safari-driver\3.0.1\selenium-safari-driver-3.0.1.jar;C:\Users\omprakashc\.m2\repository\io\netty\netty\3.5.7.Final\netty-3.5.7.Final.jar;C:\Users\omprakashc\.m2\repository\org\seleniumhq\selenium\selenium-support\3.0.1\selenium-support-3.0.1.jar;C:\Users\omprakashc\.m2\repository\net\sourceforge\htmlunit\htmlunit\2.23\htmlunit-2.23.jar;C:\Users\omprakashc\.m2\repository\xalan\xalan\2.7.2\xalan-2.7.2.jar;C:\Users\omprakashc\.m2\repository\xalan\serializer\2.7.2\serializer-2.7.2.jar;C:\Users\omprakashc\.m2\repository\org\apache\httpcomponents\httpmime\4.5.2\httpmime-4.5.2.jar;C:\Users\omprakashc\.m2\repository\net\sourceforge\htmlunit\htmlunit-core-js\2.23\htmlunit-core-js-2.23.jar;C:\Users\omprakashc\.m2\repository\net\sourceforge\htmlunit\neko-htmlunit\2.23\neko-htmlunit-2.23.jar;C:\Users\omprakashc\.m2\repository\xerces\xercesImpl\2.11.0\xercesImpl-2.11.0.jar;C:\Users\omprakashc\.m2\repository\xml-apis\xml-apis\1.4.01\xml-apis-1.4.01.jar;C:\Users\omprakashc\.m2\repository\net\sourceforge\cssparser\cssparser\0.9.20\cssparser-0.9.20.jar;C:\Users\omprakashc\.m2\repository\org\w3c\css\sac\1.3\sac-1.3.jar;C:\Users\omprakashc\.m2\repository\commons-io\commons-io\2.5\commons-io-2.5.jar;C:\Users\omprakashc\.m2\repository\com\codeborne\phantomjsdriver\1.3.0\phantomjsdriver-1.3.0.jar;C:\Users\omprakashc\.m2\repository\org\eclipse\jetty\websocket\websocket-client\9.2.15.v20160210\websocket-client-9.2.15.v20160210.jar;C:\Users\omprakashc\.m2\repository\org\eclipse\jetty\jetty-util\9.2.15.v20160210\jetty-util-9.2.15.v20160210.jar;C:\Users\omprakashc\.m2\repository\org\eclipse\jetty\jetty-io\9.2.15.v20160210\jetty-io-9.2.15.v20160210.jar;C:\Users\omprakashc\.m2\repository\org\eclipse\jetty\websocket\websocket-common\9.2.15.v20160210\websocket-common-9.2.15.v20160210.jar;C:\Users\omprakashc\.m2\repository\org\eclipse\jetty\websocket\websocket-api\9.2.15.v20160210\websocket-api-9.2.15.v20160210.jar;"/>
    <property name="java.vm.specification.version" value="1.8"/>
    <property name="sun.arch.data.model" value="64"/>
    <property name="java.home" value="C:\Program Files\Java\jdk1.8.0_131\jre"/>
    <property name="sun.java.command" value="C:\Users\OMPRAK~1\AppData\Local\Temp\surefirebooter7207138292508282171.jar C:\Users\OMPRAK~1\AppData\Local\Temp\surefire8516281918455031144tmp C:\Users\OMPRAK~1\AppData\Local\Temp\surefire6975463687222030806tmp"/>
    <property name="java.specification.vendor" value="Oracle Corporation"/>
    <property name="user.language" value="en"/>
    <property name="awt.toolkit" value="sun.awt.windows.WToolkit"/>
    <property name="java.vm.info" value="mixed mode"/>
    <property name="java.version" value="1.8.0_131"/>
    <property name="java.ext.dirs" value="C:\Program Files\Java\jdk1.8.0_131\jre\lib\ext;C:\WINDOWS\Sun\Java\lib\ext"/>
    <property name="sun.boot.class.path" value="C:\Program Files\Java\jdk1.8.0_131\jre\lib\resources.jar;C:\Program Files\Java\jdk1.8.0_131\jre\lib\rt.jar;C:\Program Files\Java\jdk1.8.0_131\jre\lib\sunrsasign.jar;C:\Program Files\Java\jdk1.8.0_131\jre\lib\jsse.jar;C:\Program Files\Java\jdk1.8.0_131\jre\lib\jce.jar;C:\Program Files\Java\jdk1.8.0_131\jre\lib\charsets.jar;C:\Program Files\Java\jdk1.8.0_131\jre\lib\jfr.jar;C:\Program Files\Java\jdk1.8.0_131\jre\classes"/>
    <property name="webdriver.chrome.driver" value="D:/MobizioFramework/AutomatedTesting/Mobizio//src//test//resources//webdriver/chromedriver.exe"/>
    <property name="java.vendor" value="Oracle Corporation"/>
    <property name="localRepository" value="C:\Users\omprakashc\.m2\repository"/>
    <property name="file.separator" value="\"/>
    <property name="java.vendor.url.bug" value="http://bugreport.sun.com/bugreport/"/>
    <property name="sun.cpu.endian" value="little"/>
    <property name="sun.io.unicode.encoding" value="UnicodeLittle"/>
    <property name="sun.desktop" value="windows"/>
    <property name="sun.cpu.isalist" value="amd64"/>
  </properties>
  <testcase classname="BranchManagement.MB_8478_MB_8479" name="test_MB_8478_MB_8479_VerifyThatTenantAdminRedirectToBranchAdminPageAfterCreateNewBranch" time="30.636">
    <failure message="no such element: Unable to locate element: {&quot;method&quot;:&quot;id&quot;,&quot;selector&quot;:&quot;usernameMenu&quot;}
  (Session info: chrome=63.0.3239.84)
  (Driver info: chromedriver=2.33.506120 (e3e53437346286c0bc2d2dc9aa4915ba81d9023f),platform=Windows NT 10.0.15063 x86_64) (WARNING: The server did not provide any stacktrace information)
Command duration or timeout: 8 milliseconds
For documentation on this error, please visit: http://seleniumhq.org/exceptions/no_such_element.html
Build info: version: &apos;3.0.1&apos;, revision: &apos;1969d75&apos;, time: &apos;2016-10-18 09:49:13 -0700&apos;
System info: host: &apos;360NDCPC044&apos;, ip: &apos;192.168.3.42&apos;, os.name: &apos;Windows 10&apos;, os.arch: &apos;amd64&apos;, os.version: &apos;10.0&apos;, java.version: &apos;1.8.0_131&apos;
Driver info: org.openqa.selenium.chrome.ChromeDriver
Capabilities [{applicationCacheEnabled=false, rotatable=false, mobileEmulationEnabled=false, networkConnectionEnabled=false, chrome={chromedriverVersion=2.33.506120 (e3e53437346286c0bc2d2dc9aa4915ba81d9023f), userDataDir=C:\Users\OMPRAK~1\AppData\Local\Temp\scoped_dir12308_2400}, takesHeapSnapshot=true, pageLoadStrategy=normal, databaseEnabled=false, handlesAlerts=true, hasTouchScreen=false, version=63.0.3239.84, platform=XP, browserConnectionEnabled=false, nativeEvents=true, acceptSslCerts=true, locationContextEnabled=true, webStorageEnabled=true, browserName=chrome, takesScreenshot=true, javascriptEnabled=true, cssSelectorsEnabled=true, setWindowRect=true, unexpectedAlertBehaviour=}]
Session ID: 27bc5d14ff09b2c336784147704fa3b5
*** Element info: {Using=id, value=usernameMenu}" type="org.openqa.selenium.NoSuchElementException">org.openqa.selenium.NoSuchElementException: no such element: Unable to locate element: {&quot;method&quot;:&quot;id&quot;,&quot;selector&quot;:&quot;usernameMenu&quot;}
  (Session info: chrome=63.0.3239.84)
  (Driver info: chromedriver=2.33.506120 (e3e53437346286c0bc2d2dc9aa4915ba81d9023f),platform=Windows NT 10.0.15063 x86_64) (WARNING: The server did not provide any stacktrace information)
Command duration or timeout: 8 milliseconds
For documentation on this error, please visit: http://seleniumhq.org/exceptions/no_such_element.html
Build info: version: &apos;3.0.1&apos;, revision: &apos;1969d75&apos;, time: &apos;2016-10-18 09:49:13 -0700&apos;
System info: host: &apos;360NDCPC044&apos;, ip: &apos;192.168.3.42&apos;, os.name: &apos;Windows 10&apos;, os.arch: &apos;amd64&apos;, os.version: &apos;10.0&apos;, java.version: &apos;1.8.0_131&apos;
Driver info: org.openqa.selenium.chrome.ChromeDriver
Capabilities [{applicationCacheEnabled=false, rotatable=false, mobileEmulationEnabled=false, networkConnectionEnabled=false, chrome={chromedriverVersion=2.33.506120 (e3e53437346286c0bc2d2dc9aa4915ba81d9023f), userDataDir=C:\Users\OMPRAK~1\AppData\Local\Temp\scoped_dir12308_2400}, takesHeapSnapshot=true, pageLoadStrategy=normal, databaseEnabled=false, handlesAlerts=true, hasTouchScreen=false, version=63.0.3239.84, platform=XP, browserConnectionEnabled=false, nativeEvents=true, acceptSslCerts=true, locationContextEnabled=true, webStorageEnabled=true, browserName=chrome, takesScreenshot=true, javascriptEnabled=true, cssSelectorsEnabled=true, setWindowRect=true, unexpectedAlertBehaviour=}]
Session ID: 27bc5d14ff09b2c336784147704fa3b5
*** Element info: {Using=id, value=usernameMenu}
	at sun.reflect.GeneratedConstructorAccessor11.newInstance(Unknown Source)
	at sun.reflect.DelegatingConstructorAccessorImpl.newInstance(DelegatingConstructorAccessorImpl.java:45)
	at java.lang.reflect.Constructor.newInstance(Constructor.java:423)
	at org.openqa.selenium.remote.ErrorHandler.createThrowable(ErrorHandler.java:216)
	at org.openqa.selenium.remote.ErrorHandler.throwIfResponseFailed(ErrorHandler.java:168)
	at org.openqa.selenium.remote.RemoteWebDriver.execute(RemoteWebDriver.java:635)
	at org.openqa.selenium.remote.RemoteWebDriver.findElement(RemoteWebDriver.java:368)
	at org.openqa.selenium.remote.RemoteWebDriver.findElementById(RemoteWebDriver.java:417)
	at org.openqa.selenium.By$ById.findElement(By.java:218)
	at org.openqa.selenium.remote.RemoteWebDriver.findElement(RemoteWebDriver.java:360)
	at org.openqa.selenium.support.pagefactory.DefaultElementLocator.findElement(DefaultElementLocator.java:69)
	at org.openqa.selenium.support.pagefactory.internal.LocatingElementHandler.invoke(LocatingElementHandler.java:38)
	at com.sun.proxy.$Proxy10.click(Unknown Source)
	at com.mobizio.selenium.framework.BasePage.clickOn(BasePage.java:89)
	at com.mobizio.pages.DashboardPage.logOut(DashboardPage.java:188)
	at BranchManagement.MB_8478_MB_8479.test_MB_8478_MB_8479_VerifyThatTenantAdminRedirectToBranchAdminPageAfterCreateNewBranch(MB_8478_MB_8479.java:75)
</failure>
    <system-out>17:24:56.291 [main] INFO com.mobizio.selenium.framework.BasePage - inputText, text=Howard.mobizio
17:24:56.332 [main] INFO com.mobizio.selenium.framework.BasePage - waitForElement
17:24:56.427 [main] INFO com.mobizio.selenium.framework.BasePage - inputText, text=Jupiter20#
17:24:56.457 [main] INFO com.mobizio.selenium.framework.BasePage - waitForElement
17:24:56.544 [main] INFO com.mobizio.selenium.framework.BasePage - click
17:25:06.373 [main] INFO com.mobizio.selenium.framework.BaseTest - Message: 
verify user login successfully
17:25:06.395 [main] INFO com.mobizio.selenium.framework.BasePage - waitForElement
17:25:06.491 [main] INFO com.mobizio.selenium.framework.BasePage - waitForElement
17:25:06.567 [main] INFO com.mobizio.selenium.framework.BaseTest - Message: 
Click on Hamburger Menu
17:25:06.568 [main] INFO com.mobizio.selenium.framework.BasePage - waitForElement
17:25:06.624 [main] INFO com.mobizio.selenium.framework.BasePage - click
17:25:06.705 [main] INFO com.mobizio.selenium.framework.BaseTest - Message: 
Click on Configuration Menu
17:25:06.705 [main] INFO com.mobizio.selenium.framework.BasePage - waitForElement
17:25:06.763 [main] INFO com.mobizio.selenium.framework.BasePage - click
17:25:08.164 [main] INFO com.mobizio.selenium.framework.BaseTest - Message: 
Click on Branches
17:25:08.164 [main] INFO com.mobizio.selenium.framework.BasePage - waitForElement
17:25:08.219 [main] INFO com.mobizio.selenium.framework.BasePage - click
17:25:08.275 [main] INFO com.mobizio.selenium.framework.BaseTest - Message: 
Click on NewBranch Button
17:25:09.346 [main] INFO com.mobizio.selenium.framework.BasePage - waitForElement
17:25:09.385 [main] INFO com.mobizio.selenium.framework.BasePage - click
17:25:10.385 [main] INFO com.mobizio.selenium.framework.BaseTest - Message: 
Enter new branch details
17:25:10.385 [main] INFO com.mobizio.selenium.framework.BasePage - waitForElement
17:25:10.433 [main] INFO com.mobizio.selenium.framework.BasePage - inputText, text=AutomationBranchazj
17:25:10.462 [main] INFO com.mobizio.selenium.framework.BasePage - waitForElement
17:25:10.795 [main] INFO com.mobizio.selenium.framework.BasePage - waitForElement
17:25:10.849 [main] INFO com.mobizio.selenium.framework.BasePage - inputText, text=4203656
17:25:10.880 [main] INFO com.mobizio.selenium.framework.BasePage - waitForElement
17:25:11.037 [main] INFO com.mobizio.selenium.framework.BasePage - waitForElement
17:25:11.087 [main] INFO com.mobizio.selenium.framework.BasePage - inputText, text=9999
17:25:11.119 [main] INFO com.mobizio.selenium.framework.BasePage - waitForElement
17:25:11.241 [main] INFO com.mobizio.selenium.framework.BasePage - waitForElement
17:25:11.287 [main] INFO com.mobizio.selenium.framework.BasePage - inputText, text=9999
17:25:11.315 [main] INFO com.mobizio.selenium.framework.BasePage - waitForElement
17:25:11.409 [main] INFO com.mobizio.selenium.framework.BasePage - waitForElement
17:25:11.454 [main] INFO com.mobizio.selenium.framework.BasePage - inputText, text=University Library
17:25:11.487 [main] INFO com.mobizio.selenium.framework.BasePage - waitForElement
17:25:11.710 [main] INFO com.mobizio.selenium.framework.BasePage - waitForElement
17:25:11.751 [main] INFO com.mobizio.selenium.framework.BasePage - inputText, text=King&apos;s College
17:25:11.777 [main] INFO com.mobizio.selenium.framework.BasePage - waitForElement
17:25:11.967 [main] INFO com.mobizio.selenium.framework.BasePage - waitForElement
17:25:12.007 [main] INFO com.mobizio.selenium.framework.BasePage - inputText, text=Aberdeen
17:25:12.036 [main] INFO com.mobizio.selenium.framework.BasePage - waitForElement
17:25:12.161 [main] INFO com.mobizio.selenium.framework.BasePage - waitForElement
17:25:12.204 [main] INFO com.mobizio.selenium.framework.BasePage - inputText, text=Birmingham
17:25:12.229 [main] INFO com.mobizio.selenium.framework.BasePage - waitForElement
17:25:12.389 [main] INFO com.mobizio.selenium.framework.BasePage - waitForElement
17:25:12.430 [main] INFO com.mobizio.selenium.framework.BasePage - inputText, text=SCOTLAND
17:25:12.457 [main] INFO com.mobizio.selenium.framework.BasePage - waitForElement
17:25:12.616 [main] INFO com.mobizio.selenium.framework.BasePage - waitForElement
17:25:12.656 [main] INFO com.mobizio.selenium.framework.BasePage - inputText, text=AB9 2UE
17:25:12.683 [main] INFO com.mobizio.selenium.framework.BasePage - waitForElement
17:25:12.815 [main] INFO com.mobizio.selenium.framework.BasePage - waitForElement
17:25:12.859 [main] INFO com.mobizio.selenium.framework.BasePage - inputText, text=99
17:25:12.885 [main] INFO com.mobizio.selenium.framework.BasePage - waitForElement
17:25:12.971 [main] INFO com.mobizio.selenium.framework.BasePage - waitForElement
17:25:13.015 [main] INFO com.mobizio.selenium.framework.BasePage - inputText, text=AutomationBranchazj@mailinator.com
17:25:13.043 [main] INFO com.mobizio.selenium.framework.BasePage - waitForElement
17:25:13.371 [main] INFO com.mobizio.selenium.framework.BasePage - waitForElement
17:25:13.410 [main] INFO com.mobizio.selenium.framework.BasePage - inputText, text=9999
17:25:13.436 [main] INFO com.mobizio.selenium.framework.BasePage - waitForElement
17:25:13.524 [main] INFO com.mobizio.selenium.framework.BasePage - waitForElement
17:25:13.571 [main] INFO com.mobizio.selenium.framework.BasePage - click
17:25:15.441 [main] INFO com.mobizio.selenium.framework.BaseTest - Message: 
verify new branch, it also verify that we are on branch management page.
17:25:15.498 [main] INFO com.mobizio.selenium.framework.BaseTest - Message: 
Verify last updated date and time is Localized after creating New Branch
17:25:15.532 [main] INFO com.mobizio.selenium.framework.BasePage - waitForElement
17:25:15.600 [main] INFO com.mobizio.selenium.framework.BaseTest - Message: 
Logout from application
17:25:15.643 [main] INFO com.mobizio.selenium.framework.BasePage - click
17:25:15.710 [main] INFO com.mobizio.selenium.framework.BasePage - click
17:25:16.392 [main] INFO com.mobizio.selenium.framework.BaseTest - Message: 
verify logout successfully
17:25:16.393 [main] INFO com.mobizio.selenium.framework.BasePage - waitForElement
17:25:16.447 [main] INFO com.mobizio.selenium.framework.BasePage - waitForElement
17:25:16.481 [main] INFO com.mobizio.selenium.framework.BasePage - waitForElement
17:25:16.528 [main] INFO com.mobizio.selenium.framework.BasePage - waitForElement
17:25:16.574 [main] INFO com.mobizio.selenium.framework.BaseTest - Message: 
Logout from application
17:25:26.916 [main] INFO com.mobizio.selenium.framework.BasePage - click
</system-out>
    <system-err>org.openqa.selenium.TimeoutException: Expected condition failed: waiting for element to be clickable: Proxy element for: DefaultElementLocator &apos;By.id: usernameMenu&apos; (tried for 10 second(s) with 500 MILLISECONDS interval)
Build info: version: &apos;3.0.1&apos;, revision: &apos;1969d75&apos;, time: &apos;2016-10-18 09:49:13 -0700&apos;
System info: host: &apos;360NDCPC044&apos;, ip: &apos;192.168.3.42&apos;, os.name: &apos;Windows 10&apos;, os.arch: &apos;amd64&apos;, os.version: &apos;10.0&apos;, java.version: &apos;1.8.0_131&apos;
Driver info: org.openqa.selenium.chrome.ChromeDriver
Capabilities [{applicationCacheEnabled=false, rotatable=false, mobileEmulationEnabled=false, networkConnectionEnabled=false, chrome={chromedriverVersion=2.33.506120 (e3e53437346286c0bc2d2dc9aa4915ba81d9023f), userDataDir=C:\Users\OMPRAK~1\AppData\Local\Temp\scoped_dir12308_2400}, takesHeapSnapshot=true, pageLoadStrategy=normal, databaseEnabled=false, handlesAlerts=true, hasTouchScreen=false, version=63.0.3239.84, platform=XP, browserConnectionEnabled=false, nativeEvents=true, acceptSslCerts=true, locationContextEnabled=true, webStorageEnabled=true, browserName=chrome, takesScreenshot=true, javascriptEnabled=true, cssSelectorsEnabled=true, setWindowRect=true, unexpectedAlertBehaviour=}]
Session ID: 27bc5d14ff09b2c336784147704fa3b5
	at org.openqa.selenium.support.ui.WebDriverWait.timeoutException(WebDriverWait.java:80)
	at org.openqa.selenium.support.ui.FluentWait.until(FluentWait.java:265)
	at com.mobizio.selenium.framework.BasePage.waitForElementClickable(BasePage.java:385)
	at com.mobizio.pages.DashboardPage.logOut(DashboardPage.java:187)
	at BranchManagement.MB_8478_MB_8479.test_MB_8478_MB_8479_VerifyThatTenantAdminRedirectToBranchAdminPageAfterCreateNewBranch(MB_8478_MB_8479.java:75)
	at sun.reflect.NativeMethodAccessorImpl.invoke0(Native Method)
	at sun.reflect.NativeMethodAccessorImpl.invoke(NativeMethodAccessorImpl.java:62)
	at sun.reflect.DelegatingMethodAccessorImpl.invoke(DelegatingMethodAccessorImpl.java:43)
	at java.lang.reflect.Method.invoke(Method.java:498)
	at org.testng.internal.MethodInvocationHelper.invokeMethod(MethodInvocationHelper.java:80)
	at org.testng.internal.Invoker.invokeMethod(Invoker.java:714)
	at org.testng.internal.Invoker.invokeTestMethod(Invoker.java:901)
	at org.testng.internal.Invoker.invokeTestMethods(Invoker.java:1231)
	at org.testng.internal.TestMethodWorker.invokeTestMethods(TestMethodWorker.java:127)
	at org.testng.internal.TestMethodWorker.run(TestMethodWorker.java:111)
	at org.testng.TestRunner.privateRun(TestRunner.java:767)
	at org.testng.TestRunner.run(TestRunner.java:617)
	at org.testng.SuiteRunner.runTest(SuiteRunner.java:334)
	at org.testng.SuiteRunner.runSequentially(SuiteRunner.java:329)
	at org.testng.SuiteRunner.privateRun(SuiteRunner.java:291)
	at org.testng.SuiteRunner.run(SuiteRunner.java:240)
	at org.testng.SuiteRunnerWorker.runSuite(SuiteRunnerWorker.java:52)
	at org.testng.SuiteRunnerWorker.run(SuiteRunnerWorker.java:86)
	at org.testng.TestNG.runSuitesSequentially(TestNG.java:1198)
	at org.testng.TestNG.runSuitesLocally(TestNG.java:1123)
	at org.testng.TestNG.run(TestNG.java:1031)
	at org.apache.maven.surefire.testng.TestNGExecutor.run(TestNGExecutor.java:74)
	at org.apache.maven.surefire.testng.TestNGXmlTestSuite.execute(TestNGXmlTestSuite.java:92)
	at org.apache.maven.surefire.Surefire.run(Surefire.java:180)
	at sun.reflect.NativeMethodAccessorImpl.invoke0(Native Method)
	at sun.reflect.NativeMethodAccessorImpl.invoke(NativeMethodAccessorImpl.java:62)
	at sun.reflect.DelegatingMethodAccessorImpl.invoke(DelegatingMethodAccessorImpl.java:43)
	at java.lang.reflect.Method.invoke(Method.java:498)
	at org.apache.maven.surefire.booter.SurefireBooter.runSuitesInProcess(SurefireBooter.java:350)
	at org.apache.maven.surefire.booter.SurefireBooter.main(SurefireBooter.java:1021)
Caused by: org.openqa.selenium.NoSuchElementException: no such element: Unable to locate element: {&quot;method&quot;:&quot;id&quot;,&quot;selector&quot;:&quot;usernameMenu&quot;}
  (Session info: chrome=63.0.3239.84)
  (Driver info: chromedriver=2.33.506120 (e3e53437346286c0bc2d2dc9aa4915ba81d9023f),platform=Windows NT 10.0.15063 x86_64) (WARNING: The server did not provide any stacktrace information)
Command duration or timeout: 15 milliseconds
For documentation on this error, please visit: http://seleniumhq.org/exceptions/no_such_element.html
Build info: version: &apos;3.0.1&apos;, revision: &apos;1969d75&apos;, time: &apos;2016-10-18 09:49:13 -0700&apos;
System info: host: &apos;360NDCPC044&apos;, ip: &apos;192.168.3.42&apos;, os.name: &apos;Windows 10&apos;, os.arch: &apos;amd64&apos;, os.version: &apos;10.0&apos;, java.version: &apos;1.8.0_131&apos;
Driver info: org.openqa.selenium.chrome.ChromeDriver
Capabilities [{applicationCacheEnabled=false, rotatable=false, mobileEmulationEnabled=false, networkConnectionEnabled=false, chrome={chromedriverVersion=2.33.506120 (e3e53437346286c0bc2d2dc9aa4915ba81d9023f), userDataDir=C:\Users\OMPRAK~1\AppData\Local\Temp\scoped_dir12308_2400}, takesHeapSnapshot=true, pageLoadStrategy=normal, databaseEnabled=false, handlesAlerts=true, hasTouchScreen=false, version=63.0.3239.84, platform=XP, browserConnectionEnabled=false, nativeEvents=true, acceptSslCerts=true, locationContextEnabled=true, webStorageEnabled=true, browserName=chrome, takesScreenshot=true, javascriptEnabled=true, cssSelectorsEnabled=true, setWindowRect=true, unexpectedAlertBehaviour=}]
Session ID: 27bc5d14ff09b2c336784147704fa3b5
*** Element info: {Using=id, value=usernameMenu}
	at sun.reflect.GeneratedConstructorAccessor11.newInstance(Unknown Source)
	at sun.reflect.DelegatingConstructorAccessorImpl.newInstance(DelegatingConstructorAccessorImpl.java:45)
	at java.lang.reflect.Constructor.newInstance(Constructor.java:423)
	at org.openqa.selenium.remote.ErrorHandler.createThrowable(ErrorHandler.java:216)
	at org.openqa.selenium.remote.ErrorHandler.throwIfResponseFailed(ErrorHandler.java:168)
	at org.openqa.selenium.remote.RemoteWebDriver.execute(RemoteWebDriver.java:635)
	at org.openqa.selenium.remote.RemoteWebDriver.findElement(RemoteWebDriver.java:368)
	at org.openqa.selenium.remote.RemoteWebDriver.findElementById(RemoteWebDriver.java:417)
	at org.openqa.selenium.By$ById.findElement(By.java:218)
	at org.openqa.selenium.remote.RemoteWebDriver.findElement(RemoteWebDriver.java:360)
	at org.openqa.selenium.support.pagefactory.DefaultElementLocator.findElement(DefaultElementLocator.java:69)
	at org.openqa.selenium.support.pagefactory.internal.LocatingElementHandler.invoke(LocatingElementHandler.java:38)
	at com.sun.proxy.$Proxy10.isDisplayed(Unknown Source)
	at org.openqa.selenium.support.ui.ExpectedConditions.elementIfVisible(ExpectedConditions.java:302)
	at org.openqa.selenium.support.ui.ExpectedConditions.access$100(ExpectedConditions.java:41)
	at org.openqa.selenium.support.ui.ExpectedConditions$10.apply(ExpectedConditions.java:288)
	at org.openqa.selenium.support.ui.ExpectedConditions$10.apply(ExpectedConditions.java:285)
	at org.openqa.selenium.support.ui.ExpectedConditions$23.apply(ExpectedConditions.java:684)
	at org.openqa.selenium.support.ui.ExpectedConditions$23.apply(ExpectedConditions.java:677)
	at org.openqa.selenium.support.ui.FluentWait.until(FluentWait.java:238)
	... 33 more
</system-err>
  </testcase>
</testsuite>