<?xml version="1.0" encoding="UTF-8"?>
<!-- Generated by org.testng.reporters.JUnitReportReporter -->
<testsuite hostname="SadikA" name="com.test.AppTest" tests="1" failures="1" timestamp="22 Dec 2017 06:34:32 GMT" time="68.152" errors="0">
  <testcase name="testApp" time="68.152" classname="com.test.AppTest">
    <failure type="org.openqa.selenium.WebDriverException" message="An unknown server-side error occurred while processing the command. Original error: Error executing adbExec. Original error: &#039;Command &#039;E\:\\android-sdk\\platform-tools\\adb.exe -P 5037 -s 35c14c220104 shell input keyevent 67 112 67 112 67 112 67 112 67 112 67 112 67 112 67 112 67 112 67 112 67 112 67 112 67 112 67 112 67 112 67 112 67 112 67 112 67 112 67 112 67 112 67 112 67 112 67 112 67 112 67 112 67 112 67 112 67 112 67 112 67 112 67 112 67 112 67 112 67 112 67 112 67 112 67 112 67 112 67 112 67 112 67 112 67 112 67 112 67 112 67 112 67 112 67 112 67 112 67 112&#039; exited with code 4294967177&#039;; Stderr: &#039;&#039;; Code: &#039;4294967177&#039; (WARNING: The server did not provide any stacktrace information)
Command duration or timeout: 13.59 seconds
Build info: version: &#039;3.0.1&#039;, revision: &#039;1969d75&#039;, time: &#039;2016-10-18 09:49:13 -0700&#039;
System info: host: &#039;SadikA&#039;, ip: &#039;192.168.99.1&#039;, os.name: &#039;Windows 8.1&#039;, os.arch: &#039;x86&#039;, os.version: &#039;6.3&#039;, java.version: &#039;1.8.0_101&#039;
Driver info: io.appium.java_client.android.AndroidDriver
Capabilities [{app=D:\Sadik\POC\Functional\EclipseWorkSpace-4.5\Mobizio-Mobile\app\5.1.0-1018.apk, appPackage=com.mobizio.mobile, deviceScreenSize=1080x1920, networkConnectionEnabled=true, warnings={}, appWaitPackage=com.mobizio.mobile, appWaitActivity=com.mobizio.mobile.ui.SplashActivity, databaseEnabled=false, deviceName=35c14c220104, platform=LINUX, deviceUDID=35c14c220104, appActivity=com.mobizio.mobile.ui.SplashActivity, desired={app=D:\Sadik\POC\Functional\EclipseWorkSpace-4.5\Mobizio-Mobile\app\5.1.0-1018.apk, platformVersion=7.0, unicodeKeyboard =true, platformName=Android, deviceName=Android}, platformVersion=7.0, webStorageEnabled=false, locationContextEnabled=false, takesScreenshot=true, unicodeKeyboard =true, javascriptEnabled=true, deviceModel=Redmi Note 4, platformName=Android, deviceManufacturer=Xiaomi}]
Session ID: 1e7c25f0-ef54-4fd0-9d0e-5b6e8f22f1a8">
      <![CDATA[org.openqa.selenium.WebDriverException: An unknown server-side error occurred while processing the command. Original error: Error executing adbExec. Original error: 'Command 'E\:\\android-sdk\\platform-tools\\adb.exe -P 5037 -s 35c14c220104 shell input keyevent 67 112 67 112 67 112 67 112 67 112 67 112 67 112 67 112 67 112 67 112 67 112 67 112 67 112 67 112 67 112 67 112 67 112 67 112 67 112 67 112 67 112 67 112 67 112 67 112 67 112 67 112 67 112 67 112 67 112 67 112 67 112 67 112 67 112 67 112 67 112 67 112 67 112 67 112 67 112 67 112 67 112 67 112 67 112 67 112 67 112 67 112 67 112 67 112 67 112 67 112' exited with code 4294967177'; Stderr: ''; Code: '4294967177' (WARNING: The server did not provide any stacktrace information)
Command duration or timeout: 13.59 seconds
Build info: version: '3.0.1', revision: '1969d75', time: '2016-10-18 09:49:13 -0700'
System info: host: 'SadikA', ip: '192.168.99.1', os.name: 'Windows 8.1', os.arch: 'x86', os.version: '6.3', java.version: '1.8.0_101'
Driver info: io.appium.java_client.android.AndroidDriver
Capabilities [{app=D:\Sadik\POC\Functional\EclipseWorkSpace-4.5\Mobizio-Mobile\app\5.1.0-1018.apk, appPackage=com.mobizio.mobile, deviceScreenSize=1080x1920, networkConnectionEnabled=true, warnings={}, appWaitPackage=com.mobizio.mobile, appWaitActivity=com.mobizio.mobile.ui.SplashActivity, databaseEnabled=false, deviceName=35c14c220104, platform=LINUX, deviceUDID=35c14c220104, appActivity=com.mobizio.mobile.ui.SplashActivity, desired={app=D:\Sadik\POC\Functional\EclipseWorkSpace-4.5\Mobizio-Mobile\app\5.1.0-1018.apk, platformVersion=7.0, unicodeKeyboard =true, platformName=Android, deviceName=Android}, platformVersion=7.0, webStorageEnabled=false, locationContextEnabled=false, takesScreenshot=true, unicodeKeyboard =true, javascriptEnabled=true, deviceModel=Redmi Note 4, platformName=Android, deviceManufacturer=Xiaomi}]
Session ID: 1e7c25f0-ef54-4fd0-9d0e-5b6e8f22f1a8
	at sun.reflect.NativeConstructorAccessorImpl.newInstance0(Native Method)
	at sun.reflect.NativeConstructorAccessorImpl.newInstance(NativeConstructorAccessorImpl.java:62)
	at sun.reflect.DelegatingConstructorAccessorImpl.newInstance(DelegatingConstructorAccessorImpl.java:45)
	at java.lang.reflect.Constructor.newInstance(Constructor.java:423)
	at org.openqa.selenium.remote.ErrorHandler.createThrowable(ErrorHandler.java:216)
	at org.openqa.selenium.remote.ErrorHandler.throwIfResponseFailed(ErrorHandler.java:168)
	at org.openqa.selenium.remote.RemoteWebDriver.execute(RemoteWebDriver.java:635)
	at io.appium.java_client.DefaultGenericMobileDriver.execute(DefaultGenericMobileDriver.java:40)
	at io.appium.java_client.AppiumDriver.execute(AppiumDriver.java:1)
	at io.appium.java_client.android.AndroidDriver.execute(AndroidDriver.java:1)
	at org.openqa.selenium.remote.RemoteWebElement.execute(RemoteWebElement.java:274)
	at io.appium.java_client.DefaultGenericMobileElement.execute(DefaultGenericMobileElement.java:33)
	at io.appium.java_client.MobileElement.execute(MobileElement.java:1)
	at io.appium.java_client.android.AndroidElement.execute(AndroidElement.java:1)
	at org.openqa.selenium.remote.RemoteWebElement.clear(RemoteWebElement.java:116)
	at com.mobizio.mobile.core.MobileBasePage.setText(MobileBasePage.java:121)
	at com.mobizion.mobile.android.ui.LoginUI.inputServerUrl(LoginUI.java:33)
	at com.mobizion.mobile.android.ui.LoginUI.loginInApp(LoginUI.java:53)
	at com.test.AppTest.testApp(AppTest.java:26)
	at sun.reflect.NativeMethodAccessorImpl.invoke0(Native Method)
	at sun.reflect.NativeMethodAccessorImpl.invoke(NativeMethodAccessorImpl.java:62)
	at sun.reflect.DelegatingMethodAccessorImpl.invoke(DelegatingMethodAccessorImpl.java:43)
	at java.lang.reflect.Method.invoke(Method.java:498)
	at org.testng.internal.MethodInvocationHelper.invokeMethod(MethodInvocationHelper.java:80)
	at org.testng.internal.Invoker.invokeMethod(Invoker.java:714)
	at org.testng.internal.Invoker.invokeTestMethod(Invoker.java:901)
	at org.testng.internal.Invoker.invokeTestMethods(Invoker.java:1231)
	at org.testng.internal.TestMethodWorker.invokeTestMethods(TestMethodWorker.java:127)
	at org.testng.internal.TestMethodWorker.run(TestMethodWorker.java:111)
	at org.testng.TestRunner.privateRun(TestRunner.java:767)
	at org.testng.TestRunner.run(TestRunner.java:617)
	at org.testng.SuiteRunner.runTest(SuiteRunner.java:334)
	at org.testng.SuiteRunner.runSequentially(SuiteRunner.java:329)
	at org.testng.SuiteRunner.privateRun(SuiteRunner.java:291)
	at org.testng.SuiteRunner.run(SuiteRunner.java:240)
	at org.testng.SuiteRunnerWorker.runSuite(SuiteRunnerWorker.java:52)
	at org.testng.SuiteRunnerWorker.run(SuiteRunnerWorker.java:86)
	at org.testng.TestNG.runSuitesSequentially(TestNG.java:1198)
	at org.testng.TestNG.runSuitesLocally(TestNG.java:1123)
	at org.testng.TestNG.run(TestNG.java:1031)
	at org.testng.remote.AbstractRemoteTestNG.run(AbstractRemoteTestNG.java:132)
	at org.testng.remote.RemoteTestNG.initAndRun(RemoteTestNG.java:236)
	at org.testng.remote.RemoteTestNG.main(RemoteTestNG.java:81)
]]>
    </failure>
  </testcase> <!-- testApp -->
</testsuite> <!-- com.test.AppTest -->
