<?xml version="1.0" encoding="UTF-8"?>
<!-- Generated by org.testng.reporters.JUnitReportReporter -->
<testsuite hostname="360NDCPC038" name="com.pointr.configure.GlobalConfiguration" tests="11" failures="0" timestamp="4 Oct 2017 13:39:25 GMT" time="20.529" errors="0">
  <testcase name="test14_Edit_Global_Configuration" time="1.699" classname="com.pointr.configure.GlobalConfiguration"/>
  <testcase name="test16_Delete_Global_Configuration" time="1.737" classname="com.pointr.configure.GlobalConfiguration"/>
  <testcase name="test15_Edit_Parameter_Field" time="1.672" classname="com.pointr.configure.GlobalConfiguration"/>
  <testcase name="test18_Delete_Global_Configuration_With_Invalid_Token" time="0.448" classname="com.pointr.configure.GlobalConfiguration"/>
  <testcase name="test19_Delete_Global_Configuration_With_Blank_Device_Identifier" time="0.457" classname="com.pointr.configure.GlobalConfiguration"/>
  <testcase name="test14_Edit_Global_Configuration" time="9.601" classname="com.pointr.configure.GlobalConfiguration"/>
  <testcase name="test14_Edit_Global_Configuration" time="1.813" classname="com.pointr.configure.GlobalConfiguration"/>
  <testcase name="test17_Delete_Global_Configuration_With_Blank_Token" time="0.461" classname="com.pointr.configure.GlobalConfiguration"/>
  <testcase name="test14_Edit_Global_Configuration" time="1.734" classname="com.pointr.configure.GlobalConfiguration"/>
  <testcase name="test20_Delete_Global_Configuration_With_Invalid_Device_Identifier" time="0.451" classname="com.pointr.configure.GlobalConfiguration"/>
  <testcase name="test20_Delete_Global_Configuration_With_Non_Existing_Parameter" time="0.456" classname="com.pointr.configure.GlobalConfiguration"/>
</testsuite> <!-- com.pointr.configure.GlobalConfiguration -->
