<?xml version="1.0" encoding="UTF-8"?>
<!-- Generated by org.testng.reporters.JUnitReportReporter -->
<testsuite hostname="360NDCPC038" name="com.pointr.configure.PopStatus" tests="5" failures="0" timestamp="15 Sep 2017 10:15:19 GMT" time="5.216" errors="0">
  <testcase name="test03_Retrieve_Pop_Status_With_Blank_Token" time="3.450" classname="com.pointr.configure.PopStatus"/>
  <testcase name="test02_Retrieve_Pop_Status_With_Invalid_Token" time="0.424" classname="com.pointr.configure.PopStatus"/>
  <testcase name="test04_Retrieve_Pop_Status_With_Invalid_Device_Identifier" time="0.461" classname="com.pointr.configure.PopStatus"/>
  <testcase name="test01_Retrieve_Pop_Status_With_Valid_Data" time="0.422" classname="com.pointr.configure.PopStatus"/>
  <testcase name="test05_Retrieve_Pop_Status_With_Blank_Device_Identifier" time="0.459" classname="com.pointr.configure.PopStatus"/>
</testsuite> <!-- com.pointr.configure.PopStatus -->
