<?xml version="1.0" encoding="UTF-8"?>
<!-- Generated by org.testng.reporters.JUnitReportReporter -->
<testsuite hostname="360NDCPC038" name="com.pointr.configure.Configuration" tests="11" failures="0" timestamp="6 Oct 2017 13:17:30 GMT" time="20.187" errors="0">
  <testcase name="test14_Edit_Configuration" time="1.858" classname="com.pointr.configure.Configuration"/>
  <testcase name="test14_Edit_Configuration" time="2.782" classname="com.pointr.configure.Configuration"/>
  <testcase name="test14_Edit_Configuration" time="1.963" classname="com.pointr.configure.Configuration"/>
  <testcase name="test16_Delete_Configuration" time="1.875" classname="com.pointr.configure.Configuration"/>
  <testcase name="test21_Delete_Configuration_With_Non_Existing_ID" time="0.475" classname="com.pointr.configure.Configuration"/>
  <testcase name="test17_Delete_Configuration_With_Blank_Token" time="1.807" classname="com.pointr.configure.Configuration"/>
  <testcase name="test18_Delete_Configuration_With_Invalid_Token" time="1.875" classname="com.pointr.configure.Configuration"/>
  <testcase name="test14_Edit_Configuration" time="1.852" classname="com.pointr.configure.Configuration"/>
  <testcase name="test20_Delete_Configuration_With_Invalid_Device_Identifier" time="1.948" classname="com.pointr.configure.Configuration"/>
  <testcase name="test15_Edit_Parameter_Field" time="1.922" classname="com.pointr.configure.Configuration"/>
  <testcase name="test19_Delete_Configuration_With_Blank_Device_Identifier" time="1.830" classname="com.pointr.configure.Configuration"/>
</testsuite> <!-- com.pointr.configure.Configuration -->
