<?xml version="1.0" encoding="UTF-8"?>
<!-- Generated by org.testng.reporters.JUnitReportReporter -->
<testsuite hostname="360NDCPC038" name="com.pointr.configure.SystemActivities" tests="5" failures="0" timestamp="15 Sep 2017 10:15:19 GMT" time="2.528" errors="0">
  <testcase name="test03_Retrieve_System_Activities_With_Blank_Token" time="0.460" classname="com.pointr.configure.SystemActivities"/>
  <testcase name="test04_Retrieve_System_Activities_With_Invalid_Device_Identifier" time="0.433" classname="com.pointr.configure.SystemActivities"/>
  <testcase name="test02_Retrieve_System_Activities_With_Invalid_Token" time="0.444" classname="com.pointr.configure.SystemActivities"/>
  <testcase name="test01_Retrieve_System_Activities_With_Valid_Data" time="0.728" classname="com.pointr.configure.SystemActivities"/>
  <testcase name="test05_Retrieve_System_Activities_With_Blank_Device_Identifier" time="0.463" classname="com.pointr.configure.SystemActivities"/>
</testsuite> <!-- com.pointr.configure.SystemActivities -->
