<?xml version="1.0" encoding="UTF-8"?>
<!-- Generated by org.testng.reporters.JUnitReportReporter -->
<testsuite hostname="SadikA" name="com.pointr.tests.poi.POI_NegativeScenarios" tests="19" failures="0" timestamp="12 Sep 2017 16:45:10 GMT" time="22.196" errors="0">
  <testcase name="test03_POI_POST_EndPoint_Edit_BlankToken" time="1.004" classname="com.pointr.tests.poi.POI_NegativeScenarios"/>
  <testcase name="test09_POI_POST_EndPoint_Edit_withIsArrayTrue" time="0.839" classname="com.pointr.tests.poi.POI_NegativeScenarios"/>
  <testcase name="test05_POI_POST_EndPoint_Edit_InvalidDeviceId" time="0.903" classname="com.pointr.tests.poi.POI_NegativeScenarios"/>
  <testcase name="test01_POI_POST_EndPoint_Save_AlreadyExist" time="6.464" classname="com.pointr.tests.poi.POI_NegativeScenarios"/>
  <testcase name="test17_POI_POST_EndPoint_Save_with_Type_Two" time="0.999" classname="com.pointr.tests.poi.POI_NegativeScenarios"/>
  <testcase name="test02_POI_POST_EndPoint_Edit_InvalidToken" time="1.034" classname="com.pointr.tests.poi.POI_NegativeScenarios"/>
  <testcase name="test04_POI_POST_EndPoint_Edit_BlankDeviceId" time="0.586" classname="com.pointr.tests.poi.POI_NegativeScenarios"/>
  <testcase name="test12_POI_POST_EndPoint_Edit_with_Blank_Name" time="0.981" classname="com.pointr.tests.poi.POI_NegativeScenarios"/>
  <testcase name="test15_POI_POST_EndPoint_Edit_with_Type_Two" time="0.572" classname="com.pointr.tests.poi.POI_NegativeScenarios"/>
  <testcase name="test19_POI_POST_With_BlankToken" time="0.937" classname="com.pointr.tests.poi.POI_NegativeScenarios"/>
  <testcase name="test13_POI_POST_EndPoint_Save_with_Blank_Name" time="0.621" classname="com.pointr.tests.poi.POI_NegativeScenarios"/>
  <testcase name="test16_POI_POST_EndPoint_Save_with_Type_One" time="0.876" classname="com.pointr.tests.poi.POI_NegativeScenarios"/>
  <testcase name="test07_POI_POST_EndPoint_Save_BlankDeviceId" time="0.834" classname="com.pointr.tests.poi.POI_NegativeScenarios"/>
  <testcase name="test11_POI_POST_EndPoint_Save_with_Blank_POI_Id" time="0.569" classname="com.pointr.tests.poi.POI_NegativeScenarios"/>
  <testcase name="test06_POI_POST_EndPoint_Save_InvalidDeviceId" time="1.263" classname="com.pointr.tests.poi.POI_NegativeScenarios"/>
  <testcase name="test08_POI_POST_EndPoint_Save_withIsArrayTrue" time="0.905" classname="com.pointr.tests.poi.POI_NegativeScenarios"/>
  <testcase name="test14_POI_POST_EndPoint_Edit_with_Type_One" time="0.983" classname="com.pointr.tests.poi.POI_NegativeScenarios"/>
  <testcase name="test18_POI_POST_With_InvalidToken" time="0.893" classname="com.pointr.tests.poi.POI_NegativeScenarios"/>
  <testcase name="test10_POI_POST_EndPoint_Edit_with_Blank_POI_Id" time="0.933" classname="com.pointr.tests.poi.POI_NegativeScenarios"/>
</testsuite> <!-- com.pointr.tests.poi.POI_NegativeScenarios -->
