<?xml version="1.0" encoding="UTF-8"?>
<!-- Generated by org.testng.reporters.JUnitReportReporter -->
<testsuite hostname="SadikA" name="com.pointr.tests.building.AddBuidingWithSetOfValues" tests="53" failures="0" timestamp="12 Sep 2017 16:45:10 GMT" time="76.946" errors="0">
  <testcase name="testAddBuidingWithSetOfValues" time="1.813" classname="com.pointr.tests.building.AddBuidingWithSetOfValues"/>
  <testcase name="testAddBuidingWithSetOfValues" time="1.800" classname="com.pointr.tests.building.AddBuidingWithSetOfValues"/>
  <testcase name="testAddBuidingWithSetOfValues" time="1.533" classname="com.pointr.tests.building.AddBuidingWithSetOfValues"/>
  <testcase name="testAddBuidingWithSetOfValues" time="1.063" classname="com.pointr.tests.building.AddBuidingWithSetOfValues"/>
  <testcase name="testAddBuidingWithSetOfValues" time="1.917" classname="com.pointr.tests.building.AddBuidingWithSetOfValues"/>
  <testcase name="testAddBuidingWithSetOfValues" time="1.911" classname="com.pointr.tests.building.AddBuidingWithSetOfValues"/>
  <testcase name="testAddBuidingWithSetOfValues" time="1.845" classname="com.pointr.tests.building.AddBuidingWithSetOfValues"/>
  <testcase name="testAddBuidingWithSetOfValues" time="1.695" classname="com.pointr.tests.building.AddBuidingWithSetOfValues"/>
  <testcase name="testAddBuidingWithSetOfValues" time="2.085" classname="com.pointr.tests.building.AddBuidingWithSetOfValues"/>
  <testcase name="testAddBuidingWithSetOfValues" time="1.402" classname="com.pointr.tests.building.AddBuidingWithSetOfValues"/>
  <testcase name="testAddBuidingWithSetOfValues" time="0.796" classname="com.pointr.tests.building.AddBuidingWithSetOfValues"/>
  <testcase name="testAddBuidingWithSetOfValues" time="1.645" classname="com.pointr.tests.building.AddBuidingWithSetOfValues"/>
  <testcase name="testAddBuidingWithSetOfValues" time="1.451" classname="com.pointr.tests.building.AddBuidingWithSetOfValues"/>
  <testcase name="testAddBuidingWithSetOfValues" time="0.887" classname="com.pointr.tests.building.AddBuidingWithSetOfValues"/>
  <testcase name="testAddBuildingWithBlankDeviceIdentifier" time="0.706" classname="com.pointr.tests.building.AddBuidingWithSetOfValues"/>
  <testcase name="testAddBuidingWithSetOfValues" time="1.375" classname="com.pointr.tests.building.AddBuidingWithSetOfValues"/>
  <testcase name="testAddBuidingWithSetOfValues" time="1.863" classname="com.pointr.tests.building.AddBuidingWithSetOfValues"/>
  <testcase name="testAddBuidingWithSetOfValues" time="1.913" classname="com.pointr.tests.building.AddBuidingWithSetOfValues"/>
  <testcase name="testAddBuidingWithSetOfValues" time="1.603" classname="com.pointr.tests.building.AddBuidingWithSetOfValues"/>
  <testcase name="testAddBuidingWithSetOfValues" time="0.726" classname="com.pointr.tests.building.AddBuidingWithSetOfValues"/>
  <testcase name="testAddBuildingWithInvalidDeviceIdentifier" time="0.879" classname="com.pointr.tests.building.AddBuidingWithSetOfValues"/>
  <testcase name="testAddBuidingWithSetOfValues" time="1.925" classname="com.pointr.tests.building.AddBuidingWithSetOfValues"/>
  <testcase name="testAddBuidingWithSetOfValues" time="2.248" classname="com.pointr.tests.building.AddBuidingWithSetOfValues"/>
  <testcase name="testAddBuidingWithSetOfValues" time="1.747" classname="com.pointr.tests.building.AddBuidingWithSetOfValues"/>
  <testcase name="testAddBuidingWithSetOfValues" time="0.885" classname="com.pointr.tests.building.AddBuidingWithSetOfValues"/>
  <testcase name="testAddBuidingWithSetOfValues" time="1.952" classname="com.pointr.tests.building.AddBuidingWithSetOfValues"/>
  <testcase name="testAddBuidingWithSetOfValues" time="1.780" classname="com.pointr.tests.building.AddBuidingWithSetOfValues"/>
  <testcase name="testAddBuidingWithSetOfValues" time="1.701" classname="com.pointr.tests.building.AddBuidingWithSetOfValues"/>
  <testcase name="testAddBuidingWithSetOfValues" time="2.063" classname="com.pointr.tests.building.AddBuidingWithSetOfValues"/>
  <testcase name="testAddBuildingWithIsArrayTrue" time="0.553" classname="com.pointr.tests.building.AddBuidingWithSetOfValues"/>
  <testcase name="testAddBuidingWithSetOfValues" time="1.073" classname="com.pointr.tests.building.AddBuidingWithSetOfValues"/>
  <testcase name="testAddBuidingWithSetOfValues" time="1.528" classname="com.pointr.tests.building.AddBuidingWithSetOfValues"/>
  <testcase name="testAddBuidingWithSetOfValues" time="1.841" classname="com.pointr.tests.building.AddBuidingWithSetOfValues"/>
  <testcase name="testAddBuildingWithBlankToken" time="0.852" classname="com.pointr.tests.building.AddBuidingWithSetOfValues"/>
  <testcase name="testAddBuidingWithSetOfValues" time="1.025" classname="com.pointr.tests.building.AddBuidingWithSetOfValues"/>
  <testcase name="testAddBuidingWithSetOfValues" time="0.579" classname="com.pointr.tests.building.AddBuidingWithSetOfValues"/>
  <testcase name="testAddBuidingWithSetOfValues" time="1.841" classname="com.pointr.tests.building.AddBuidingWithSetOfValues"/>
  <testcase name="testAddBuidingWithSetOfValues" time="1.006" classname="com.pointr.tests.building.AddBuidingWithSetOfValues"/>
  <testcase name="testAddBuidingWithSetOfValues" time="1.854" classname="com.pointr.tests.building.AddBuidingWithSetOfValues"/>
  <testcase name="testAddBuidingWithSetOfValues" time="1.630" classname="com.pointr.tests.building.AddBuidingWithSetOfValues"/>
  <testcase name="testAddBuildingWithInvalidToken" time="0.897" classname="com.pointr.tests.building.AddBuidingWithSetOfValues"/>
  <testcase name="testAddBuidingWithSetOfValues" time="1.787" classname="com.pointr.tests.building.AddBuidingWithSetOfValues"/>
  <testcase name="testAddBuidingWithSetOfValues" time="0.951" classname="com.pointr.tests.building.AddBuidingWithSetOfValues"/>
  <testcase name="testAddBuidingWithSetOfValues" time="0.777" classname="com.pointr.tests.building.AddBuidingWithSetOfValues"/>
  <testcase name="testAddBuidingWithSetOfValues" time="1.726" classname="com.pointr.tests.building.AddBuidingWithSetOfValues"/>
  <testcase name="testAddBuidingWithSetOfValues" time="1.569" classname="com.pointr.tests.building.AddBuidingWithSetOfValues"/>
  <testcase name="testAddBuidingWithSetOfValues" time="0.908" classname="com.pointr.tests.building.AddBuidingWithSetOfValues"/>
  <testcase name="testAddBuidingWithSetOfValues" time="2.075" classname="com.pointr.tests.building.AddBuidingWithSetOfValues"/>
  <testcase name="testAddBuidingWithSetOfValues" time="1.872" classname="com.pointr.tests.building.AddBuidingWithSetOfValues"/>
  <testcase name="testAddBuidingWithSetOfValues" time="1.577" classname="com.pointr.tests.building.AddBuidingWithSetOfValues"/>
  <testcase name="testAddBuidingWithSetOfValues" time="1.087" classname="com.pointr.tests.building.AddBuidingWithSetOfValues"/>
  <testcase name="testAddBuidingWithSetOfValues" time="0.864" classname="com.pointr.tests.building.AddBuidingWithSetOfValues"/>
  <testcase name="testAddBuidingWithSetOfValues" time="1.865" classname="com.pointr.tests.building.AddBuidingWithSetOfValues"/>
</testsuite> <!-- com.pointr.tests.building.AddBuidingWithSetOfValues -->
