<?xml version="1.0" encoding="UTF-8"?>
<!-- Generated by org.testng.reporters.JUnitReportReporter -->
<testsuite hostname="360NDCPC038" name="com.pointr.tests.mapdesigner.MapDesigner" tests="1" failures="0" timestamp="28 Sep 2017 07:43:09 GMT" time="1.299" errors="0">
  <testcase name="testAddMapDesignerWithInvalidToken" time="1.299" classname="com.pointr.tests.mapdesigner.MapDesigner"/>
</testsuite> <!-- com.pointr.tests.mapdesigner.MapDesigner -->
