<?xml version="1.0" encoding="UTF-8"?>
<!-- Generated by org.testng.reporters.JUnitReportReporter -->
<testsuite hostname="SadikA" name="com.pointr.tests.building.EditBuidingWithSetOfValues" tests="45" failures="0" timestamp="12 Sep 2017 16:45:10 GMT" time="146.746" errors="0">
  <testcase name="testEditBuildingWithSetOfValues" time="3.326" classname="com.pointr.tests.building.EditBuidingWithSetOfValues"/>
  <testcase name="testEditBuildingWithSetOfValues" time="3.110" classname="com.pointr.tests.building.EditBuidingWithSetOfValues"/>
  <testcase name="testEditBuildingWithSetOfValues" time="3.209" classname="com.pointr.tests.building.EditBuidingWithSetOfValues"/>
  <testcase name="testEditBuildingWithSetOfValues" time="3.529" classname="com.pointr.tests.building.EditBuidingWithSetOfValues"/>
  <testcase name="testEditBuildingWithSetOfValues" time="3.814" classname="com.pointr.tests.building.EditBuidingWithSetOfValues"/>
  <testcase name="testEditBuildingWithSetOfValues" time="2.861" classname="com.pointr.tests.building.EditBuidingWithSetOfValues"/>
  <testcase name="testEditBuildingWithSetOfValues" time="3.396" classname="com.pointr.tests.building.EditBuidingWithSetOfValues"/>
  <testcase name="testEditBuildingWithSetOfValues" time="3.107" classname="com.pointr.tests.building.EditBuidingWithSetOfValues"/>
  <testcase name="testEditBuildingWithInvalidToken" time="3.150" classname="com.pointr.tests.building.EditBuidingWithSetOfValues"/>
  <testcase name="testEditBuildingWithSetOfValues" time="2.654" classname="com.pointr.tests.building.EditBuidingWithSetOfValues"/>
  <testcase name="testEditBuildingWithSetOfValues" time="3.128" classname="com.pointr.tests.building.EditBuidingWithSetOfValues"/>
  <testcase name="testEditBuildingWithSetOfValues" time="3.857" classname="com.pointr.tests.building.EditBuidingWithSetOfValues"/>
  <testcase name="testEditBuildingWithSetOfValues" time="3.190" classname="com.pointr.tests.building.EditBuidingWithSetOfValues"/>
  <testcase name="testEditBuildingWithSetOfValues" time="3.668" classname="com.pointr.tests.building.EditBuidingWithSetOfValues"/>
  <testcase name="testEditBuildingWithSetOfValues" time="2.849" classname="com.pointr.tests.building.EditBuidingWithSetOfValues"/>
  <testcase name="testEditBuildingWithSetOfValues" time="2.886" classname="com.pointr.tests.building.EditBuidingWithSetOfValues"/>
  <testcase name="testEditBuildingWithSetOfValues" time="2.778" classname="com.pointr.tests.building.EditBuidingWithSetOfValues"/>
  <testcase name="testEditBuildingWithBlankDeviceIdentifier" time="2.834" classname="com.pointr.tests.building.EditBuidingWithSetOfValues"/>
  <testcase name="testEditBuildingWithSetOfValues" time="3.886" classname="com.pointr.tests.building.EditBuidingWithSetOfValues"/>
  <testcase name="testEditBuildingWithSetOfValues" time="3.270" classname="com.pointr.tests.building.EditBuidingWithSetOfValues"/>
  <testcase name="testEditBuildingWithSetOfValues" time="2.988" classname="com.pointr.tests.building.EditBuidingWithSetOfValues"/>
  <testcase name="testEditBuildingWithInvalidDeviceIdentifier" time="3.062" classname="com.pointr.tests.building.EditBuidingWithSetOfValues"/>
  <testcase name="testEditBuildingWithSetOfValues" time="3.658" classname="com.pointr.tests.building.EditBuidingWithSetOfValues"/>
  <testcase name="testEditBuildingWithSetOfValues" time="2.651" classname="com.pointr.tests.building.EditBuidingWithSetOfValues"/>
  <testcase name="testEditBuildingWithBlankToken" time="2.336" classname="com.pointr.tests.building.EditBuidingWithSetOfValues"/>
  <testcase name="testEditBuildingWithIsArrayTrue" time="3.153" classname="com.pointr.tests.building.EditBuidingWithSetOfValues"/>
  <testcase name="testEditBuildingWithSetOfValues" time="3.411" classname="com.pointr.tests.building.EditBuidingWithSetOfValues"/>
  <testcase name="testEditBuildingWithSetOfValues" time="3.110" classname="com.pointr.tests.building.EditBuidingWithSetOfValues"/>
  <testcase name="testEditBuildingWithSetOfValues" time="2.607" classname="com.pointr.tests.building.EditBuidingWithSetOfValues"/>
  <testcase name="testEditBuildingWithSetOfValues" time="3.085" classname="com.pointr.tests.building.EditBuidingWithSetOfValues"/>
  <testcase name="testEditBuildingWithSetOfValues" time="3.904" classname="com.pointr.tests.building.EditBuidingWithSetOfValues"/>
  <testcase name="testEditBuildingWithSetOfValues" time="3.367" classname="com.pointr.tests.building.EditBuidingWithSetOfValues"/>
  <testcase name="testEditBuildingWithSetOfValues" time="3.102" classname="com.pointr.tests.building.EditBuidingWithSetOfValues"/>
  <testcase name="testEditBuildingWithSetOfValues" time="2.195" classname="com.pointr.tests.building.EditBuidingWithSetOfValues"/>
  <testcase name="testEditBuildingWithSetOfValues" time="3.030" classname="com.pointr.tests.building.EditBuidingWithSetOfValues"/>
  <testcase name="testEditBuildingWithSetOfValues" time="3.678" classname="com.pointr.tests.building.EditBuidingWithSetOfValues"/>
  <testcase name="testEditBuildingWithSetOfValues" time="4.379" classname="com.pointr.tests.building.EditBuidingWithSetOfValues"/>
  <testcase name="testEditBuildingWithSetOfValues" time="3.558" classname="com.pointr.tests.building.EditBuidingWithSetOfValues"/>
  <testcase name="testEditBuildingWithSetOfValues" time="3.085" classname="com.pointr.tests.building.EditBuidingWithSetOfValues"/>
  <testcase name="testEditBuildingWithSetOfValues" time="5.679" classname="com.pointr.tests.building.EditBuidingWithSetOfValues"/>
  <testcase name="testEditBuildingWithSetOfValues" time="3.642" classname="com.pointr.tests.building.EditBuidingWithSetOfValues"/>
  <testcase name="testEditBuildingWithSetOfValues" time="3.542" classname="com.pointr.tests.building.EditBuidingWithSetOfValues"/>
  <testcase name="testEditBuildingWithSetOfValues" time="3.646" classname="com.pointr.tests.building.EditBuidingWithSetOfValues"/>
  <testcase name="testEditBuildingWithSetOfValues" time="2.458" classname="com.pointr.tests.building.EditBuidingWithSetOfValues"/>
  <testcase name="testEditBuildingWithSetOfValues" time="2.918" classname="com.pointr.tests.building.EditBuidingWithSetOfValues"/>
</testsuite> <!-- com.pointr.tests.building.EditBuidingWithSetOfValues -->
