<?xml version="1.0" encoding="UTF-8"?>
<!-- Generated by org.testng.reporters.JUnitReportReporter -->
<testsuite hostname="360NDCPC038" name="com.pointr.configure.WebConfiguration" tests="23" failures="0" timestamp="26 Sep 2017 06:10:40 GMT" time="37.518" errors="0">
  <testcase name="test06_Add_Web_Configuration" time="1.880" classname="com.pointr.configure.WebConfiguration"/>
  <testcase name="test18_Delete_Web_Configuration_With_Blank_Token" time="0.479" classname="com.pointr.configure.WebConfiguration"/>
  <testcase name="test16_Delete_Web_Configuration" time="2.066" classname="com.pointr.configure.WebConfiguration"/>
  <testcase name="test07_Add_Web_Configuration_With_Invalid_Token" time="0.732" classname="com.pointr.configure.WebConfiguration"/>
  <testcase name="test17_Delete_Web_Configuration_With_Invalid_Token" time="0.500" classname="com.pointr.configure.WebConfiguration"/>
  <testcase name="test08_Add_Web_Configuration_With_Blank_Token" time="0.607" classname="com.pointr.configure.WebConfiguration"/>
  <testcase name="test09_Add_Web_Configuration_With_Invalid_Device_Identifier" time="0.504" classname="com.pointr.configure.WebConfiguration"/>
  <testcase name="test20_Delete_Web_Configuration_With_Blank_Device_Identifier" time="0.542" classname="com.pointr.configure.WebConfiguration"/>
  <testcase name="test13_Edit_Web_Configuration_With_Blank_Token" time="0.491" classname="com.pointr.configure.WebConfiguration"/>
  <testcase name="test06_Add_Web_Configuration" time="2.061" classname="com.pointr.configure.WebConfiguration"/>
  <testcase name="test12_Edit_Web_Configuration_With_Invalid_Token" time="0.538" classname="com.pointr.configure.WebConfiguration"/>
  <testcase name="test14_Edit_Web_Configuration_With_Invalid_Device_Identifier" time="0.480" classname="com.pointr.configure.WebConfiguration"/>
  <testcase name="test06_Add_Web_Configuration" time="1.990" classname="com.pointr.configure.WebConfiguration"/>
  <testcase name="test06_Add_Web_Configuration" time="2.283" classname="com.pointr.configure.WebConfiguration"/>
  <testcase name="test06_Add_Web_Configuration" time="1.939" classname="com.pointr.configure.WebConfiguration"/>
  <testcase name="test11_Add_Web_Configuration_With_Existing_Parameter_Name" time="1.154" classname="com.pointr.configure.WebConfiguration"/>
  <testcase name="test06_Add_Web_Configuration" time="1.948" classname="com.pointr.configure.WebConfiguration"/>
  <testcase name="test06_Add_Web_Configuration" time="2.019" classname="com.pointr.configure.WebConfiguration"/>
  <testcase name="test10_Add_Web_Configuration_With_Blank_Device_Identifier" time="0.501" classname="com.pointr.configure.WebConfiguration"/>
  <testcase name="test06_Add_Web_Configuration" time="11.848" classname="com.pointr.configure.WebConfiguration"/>
  <testcase name="test06_Add_Web_Configuration" time="1.944" classname="com.pointr.configure.WebConfiguration"/>
  <testcase name="test15_Edit_Web_Configuration_With_Blank_Device_Identifier" time="0.502" classname="com.pointr.configure.WebConfiguration"/>
  <testcase name="test19_Delete_Web_Configuration_With_Invalid_Device_Identifier" time="0.510" classname="com.pointr.configure.WebConfiguration"/>
</testsuite> <!-- com.pointr.configure.WebConfiguration -->
