<?xml version="1.0" encoding="UTF-8"?>
<!-- Generated by org.testng.reporters.JUnitReportReporter -->
<testsuite hostname="360NDCPC038" name="com.pointr.tests.poi.POIExportData" tests="1" failures="0" timestamp="25 Sep 2017 06:38:40 GMT" time="66.633" errors="0">
  <testcase name="test_POI_Export_Data" time="66.633" classname="com.pointr.tests.poi.POIExportData"/>
</testsuite> <!-- com.pointr.tests.poi.POIExportData -->
