<?xml version="1.0" encoding="UTF-8"?>
<!-- Generated by org.testng.reporters.JUnitReportReporter -->
<testsuite hostname="360NDCPC038" name="com.pointr.configuration.PopStatus" tests="5" failures="0" timestamp="15 Sep 2017 09:35:21 GMT" time="6.234" errors="0">
  <testcase name="test05_Retrieve_Pop_With_Blank_Device_Identifier" time="0.492" classname="com.pointr.configuration.PopStatus"/>
  <testcase name="test02_Retrieve_Pop_With_Invalid_Token" time="0.501" classname="com.pointr.configuration.PopStatus"/>
  <testcase name="test03_Retrieve_Pop_With_Blank_Token" time="0.472" classname="com.pointr.configuration.PopStatus"/>
  <testcase name="test04_Retrieve_Pop_With_Invalid_Device_Identifier" time="3.471" classname="com.pointr.configuration.PopStatus"/>
  <testcase name="test01_Retrieve_Pop_With_Valid_Data" time="1.298" classname="com.pointr.configuration.PopStatus"/>
</testsuite> <!-- com.pointr.configuration.PopStatus -->
