<?xml version="1.0" encoding="UTF-8"?>
<!-- Generated by org.testng.reporters.JUnitReportReporter -->
<testsuite hostname="360LP048" name="com.edureka.registration.CreateUserForForgotPassword" tests="1" failures="0" timestamp="20 Sep 2016 07:25:39 GMT" time="32.501" errors="0">
  <testcase name="test_CreateUserForForgotPassword" time="32.501" classname="com.edureka.registration.CreateUserForForgotPassword"/>
</testsuite> <!-- com.edureka.registration.CreateUserForForgotPassword -->
