<?xml version="1.0" encoding="UTF-8"?>
<!-- Generated by org.testng.reporters.JUnitReportReporter -->
<testsuite skipped="0" hostname="360NDCPC085" name="com.scripts.SampleTest" tests="11" failures="0" timestamp="24 Nov 2017 12:49:44 GMT" time="376.758" errors="0">
  <testcase name="test_02_checkJavascript" time="25.285" classname="com.scripts.SampleTest"/>
  <testcase name="test_02_checkJavascript" time="25.156" classname="com.scripts.SampleTest"/>
  <testcase name="test_02_checkJavascript" time="26.991" classname="com.scripts.SampleTest"/>
  <testcase name="test_02_checkJavascript" time="25.767" classname="com.scripts.SampleTest"/>
  <testcase name="test_02_checkJavascript" time="25.335" classname="com.scripts.SampleTest"/>
  <testcase name="test_02_checkJavascript" time="24.945" classname="com.scripts.SampleTest"/>
  <testcase name="test_02_checkJavascript" time="30.780" classname="com.scripts.SampleTest"/>
  <testcase name="test_01_Navigate_From_C4C_To_CPQ" time="116.948" classname="com.scripts.SampleTest"/>
  <testcase name="test_02_checkJavascript" time="25.551" classname="com.scripts.SampleTest"/>
  <testcase name="test_02_checkJavascript" time="24.838" classname="com.scripts.SampleTest"/>
  <testcase name="test_02_checkJavascript" time="25.162" classname="com.scripts.SampleTest"/>
</testsuite> <!-- com.scripts.SampleTest -->
