<?xml version="1.0" encoding="UTF-8"?>
<!-- Generated by org.testng.reporters.JUnitReportReporter -->
<testsuite hostname="SadikA" name="com.pointr.tests.poi.POI_Publish" tests="4" failures="0" timestamp="11 Sep 2017 15:05:39 GMT" time="8.213" errors="0">
  <testcase name="test_Publish_Poi_With_Invalid_Device_Identifier" time="2.069" classname="com.pointr.tests.poi.POI_Publish"/>
  <testcase name="test_Publish_Poi_With_Invalid_Token" time="1.928" classname="com.pointr.tests.poi.POI_Publish"/>
  <testcase name="test_Publish_Poi_With_Blank_Device_Identifier" time="1.960" classname="com.pointr.tests.poi.POI_Publish"/>
  <testcase name="test_Publish_Poi_With_Blank_Token" time="2.256" classname="com.pointr.tests.poi.POI_Publish"/>
</testsuite> <!-- com.pointr.tests.poi.POI_Publish -->
