<?xml version="1.0" encoding="UTF-8"?>
<!-- Generated by org.testng.reporters.JUnitReportReporter -->
<testsuite hostname="360NDCPC038" name="com.pointr.tests.building.BuildingPublish" tests="1" failures="0" timestamp="19 Sep 2017 09:18:34 GMT" time="166.970" errors="0">
  <testcase name="test_Building_Publish" time="166.970" classname="com.pointr.tests.building.BuildingPublish"/>
</testsuite> <!-- com.pointr.tests.building.BuildingPublish -->
