<?xml version="1.0" encoding="UTF-8"?>
<!-- Generated by org.testng.reporters.JUnitReportReporter -->
<testsuite hostname="360NDCPC038" name="com.pointr.configure.WebJobStatus" tests="5" failures="0" timestamp="15 Sep 2017 10:15:19 GMT" time="2.236" errors="0">
  <testcase name="test01_Retrieve_Web_Job_With_Valid_Data" time="0.446" classname="com.pointr.configure.WebJobStatus"/>
  <testcase name="test03_Retrieve_Web_Job_With_Blank_Token" time="0.460" classname="com.pointr.configure.WebJobStatus"/>
  <testcase name="test04_Retrieve_Web_Job_With_Invalid_Device_Identifier" time="0.443" classname="com.pointr.configure.WebJobStatus"/>
  <testcase name="test05_Retrieve_Web_Job_With_Blank_Device_Identifier" time="0.444" classname="com.pointr.configure.WebJobStatus"/>
  <testcase name="test02_Retrieve_Web_Job_With_Invalid_Token" time="0.443" classname="com.pointr.configure.WebJobStatus"/>
</testsuite> <!-- com.pointr.configure.WebJobStatus -->
