<?xml version="1.0" encoding="UTF-8"?>
<!-- Generated by org.testng.reporters.JUnitReportReporter -->
<testsuite hostname="360NDCPC038" name="com.pointr.tests.mapdesigner.MapDesignerExportData" tests="1" failures="0" timestamp="19 Sep 2017 13:29:50 GMT" time="204.844" errors="1">
  <testcase name="test_Map_Designer_Export_Data" time="204.844" classname="com.pointr.tests.mapdesigner.MapDesignerExportData">
    <error type="java.lang.AssertionError" message="1 expectation failed.
JSON path body.poi[0].id doesn&#039;t match.
Expected: a collection containing &quot;poi1505827585671&quot;
  Actual: [poi389500347846787836, poi3895003344636, poi38950033478784636, poi64978, poi57991, poi19433, poi50644, poi39275, poi81885, poi32857, poi42479, poi47204, poi51443, poi63838, poi73985, poi85605, poi34750, poi43201, poi83668, poi92937, poi25439, poi43745, poi34320, @!@&amp;, @!@&amp;91277, @!@&amp;40689, @!@&amp;45621, @!@&amp;69572, @!@&amp;20975, poi75175, @!@&amp;15920, poi99341, poi85401, poi44251, poi98497, @!@&amp;21311, poi64727, @!@&amp;57294, poi34384, @!@&amp;96823, poi80943, @!@&amp;65772, poi20512, @!@&amp;54029, poi13855, @!@&amp;15643, poi63600, poi69096, poi71636, poi12575, poi80369, poi59514, poi16013, poi1504177762934, poi97749, poi65885, poi59745, poi59904, poi55016, poi1504620798632, poi1504621871124, poi1504700630701, poi1505116150433, poi1505119460964, poi1505141856306, poi1505227817870, poi1505234163235, poi1505805267462, poi1505827460995, poi1500962213423, poi389500334784636, poi71063, poi48528, poi43558, poi49572, poi36667, poi84128, poi85897, poi67866, poi32730, poi22173, poi29036, poi42049, poi18678, poi84290, poi88808, poi17198, poi41884, poi93018, poi57801, poi79194, poi12119, poi79546, 123456546776, poi65196, poi52989, poi71716, poi36635, 123456539470, 1234576513673, 123456589248, 1234576549931, 123456519260, 1234576528357, 1234565, poi25283, poi41428, poi60276, poi10073, 123456516815, poi61853, 123456511571, poi58057, 123456540163, poi41622, 123456570799, poi49656, 123456581138, poi1505827462424, poi1505805268475, poi1505234164672, poi1505227819301, poi1505141857612, poi1505119461809, poi1505116151550, poi1504700632399, poi1504621871921, poi1504620799620, poi16154, poi48379, poi15454, poi21843, poi68596, poi1504177764484, poi31527, poi43509, poi56147, poi3895003478467836, poi38950038467836, poi150028272799341, poi470903500278645, poi1503557564695, poi1503557664665, poi1503486348589, poi1503494915211, poi1503928002360, poi1504008530673, poi1503558575596, poi1503903255109, poi1503918643208, poi1503385939003, poi1503315302291, poi1503316131060, poi1503318417504, poi1503482981043, poi1503484064096, poi1503483572734, poi1504097341016, poi1504175440610, poi1504177225004, poi1504177780938, poi1504253085298, poi1504272782349, poi1504273501303, poi1504523121919, poi1504619686720, poi1504620239625, poi1504620811360, poi1504621883490, poi1505116164728, poi1504700649145, poi1504870415396, poi1504876558136, poi1504877471298, poi1504877530872, poi1505113560710, poi1505113920982, poi1505114816589, poi1505141882929, poi1505199738766, poi1505213277812, poi1505215166937, poi1505218435790, poi1505234191501, poi1505227855828, poi1505228311057, poi1505474569562, poi1505477383616, poi1505480494035, poi1505717265610, poi1505802435857, poi1505827489779, poi1505805288862, poi1505806345162, poi1505805330646, poi1505827533080, poi1505807990100, poi1505803997775, poi1505718797277, poi1505476081371, poi1505227898665, poi1505229637141, poi1505234235635, poi1505223346237, poi1505221753070, poi1505221847204, poi1505141924719, poi1505199762194, poi1505113944987, poi1505113583577, poi1504877553206, poi1504877493559, poi1504876580356, poi1504870438067, poi1504700679142, poi1505114845687, poi1505116199450, poi1504621906769, poi1504620833727, poi1504620260919, poi1504619708040, poi1504523142817, poi1504273521444, poi1504272801902, poi1504253104527, poi1504177812923, poi1504175475916, poi1504177251637, poi1504097361368, poi1503483584454, poi1503484087627, poi1503482997062, poi1503316143978, poi1503315801026, poi1503315879699, poi1503385960289, poi1503318431601, poi1503903297056, poi1503558607606, poi1504008551968, poi1503928020372, poi1503918660891, poi1503494974356, poi1503486373638, poi1503557680140, poi1503557600211, poi876928000550080, poi421797000660640, poi1503557598870, poi1503557678791, poi1503486371874, poi1503494972414, poi1503918659535, poi1503928018726, poi1504008547269, poi1503558606062, poi1503903294191, poi1503318430263, poi1503385958435, poi1503315878519, poi1503315799814, poi1503316142620, poi1503482995405, poi1503484085930, poi1503483583307, poi1504097359576, poi1504175473582, poi1504177247963, poi1504253103054, poi1504177809758, poi1504272800382, poi1504273519856, poi1504523141162, poi1504619706471, poi1504620259302, poi1504620832034, poi1504621904988, poi1505116197508, poi1504700676096, poi1504870436305, poi1504876578710, poi1504877491910, poi1504877551551, poi1505113581880, poi1505113943255, poi1505114843897, poi1505141921668, poi1505199760457, poi1505234232991, poi1505229607628, poi1505227895695, poi1505476043079, poi1505718759167, poi1505803959554, poi1505827530337, poi1505805328259, poi1505807949263, poi150537518557427, poi11553, poi12112, poi12735, poi12745, poi14740, poi1502880107658, poi1502880119893, poi1502880120841, poi1502880121856, poi1502880122719, poi1502880123870, poi1502880256379, poi1502880260896, poi1502880262321, poi1502880266356, poi1502880270253, poi1502880325213, poi1502880333142, poi1502888899194, poi1502888912723, poi1502888913536, poi1502888914462, poi1502888915150, poi1502888915892, poi1502888933297, poi1502888934096, poi1503050258895, poi1503050271074, poi1503050272014, poi1503050272850, poi1503050273655, poi1503050274464, poi1503050293715, poi1503050294560, poi1503051799625, poi1503051804890, poi1503051805763, poi1503051806703, poi1503051807422, poi1503051808215, poi1503051825806, poi1503051826676, poi1503052258787, poi1503052265262, poi1503052266335, poi1503052267448, poi1503052268553, poi1503052269516, poi1503052292373, poi1503052294030, poi1503296913340, poi1503296914558, poi1503296915390, poi1503385805391, poi1503385806481, poi1503385807316, poi1503482850345, poi1503482851430, poi1503482852660, poi1503483497007, poi1503483497623, poi1503483498192, poi1503483887755, poi1503483889817, poi1503483890625, poi1503486271479, poi1503486277035, poi1503486278053, poi1503486278965, poi1503486279745, poi1503486280666, poi1503486297374, poi1503486298162, poi1503494795438, poi1503494810321, poi1503494811990, poi1503494813103, poi1503494814027, poi1503494814845, poi1503494859623, poi1503494860526, poi1503558429983, poi1503558444541, poi1503558445717, poi1503558448302, poi1503558449524, poi1503558451210, poi1503558516982, poi1503558519012, poi1503903010229, poi1503903025632, poi1503903026620, poi1503903030620, poi1503903041009, poi1503903045225, poi1503903119593, poi1503903126087, poi1503927902891, poi1503927907845, poi1503927908795, poi1503927909585, poi1503927910340, poi1503927911171, poi1503927965159, poi1503927966146, poi1504008423566, poi1504008436717, poi1504008437568, poi1504008438351, poi1504008439104, poi1504008439850, poi1504008495693, poi1504008496621, poi1504097203380, poi1504097218288, poi1504097219187, poi1504097219982, poi1504097220737, poi1504097221501, poi1504097283920, poi1504097284975, poi1504175246540, poi1504175261867, poi1504175263471, poi1504175264680, poi1504175265707, poi1504175268276, poi1504175343784, poi1504175346565, poi1504177004430, poi1504177017406, poi1504177020314, poi1504177021425, poi1504177023637, poi1504177024953, poi1504177106802, poi1504177108531, poi1504177603313, poi1504177609343, poi1504177610698, poi1504177611875, poi1504177613149, poi1504177614138, poi1504177691761, poi1504177693063, poi1504272639399, poi1504272649435, poi1504272650268, poi1504272651080, poi1504272651901, poi1504272652652, poi1504272729026, poi1504272729940, poi1504273362062, poi1504273363997, poi1504273364860, poi1504273365621, poi1504273366429, poi1504273367306, poi1504273447798, poi1504273448777, poi1504522971542, poi1504522974040, poi1504522974970, poi1504522975811, poi1504522976638, poi1504522977482, poi1504523061374, poi1504523062285, poi1504619536317, poi1504619538152, poi1504619539045, poi1504619539880, poi1504619540645, poi1504619541505, poi1504619628646, poi1504619630396, poi1504620085214, poi1504620087067, poi1504620087903, poi1504620088683, poi1504620089483, poi1504620090283, poi1504620181981, poi1504620182951, poi1504620651228, poi1504620653117, poi1504620653918, poi1504620654807, poi1504620655744, poi1504620656554, poi1504620752356, poi1504620753148, poi1504621708881, poi1504621710765, poi1504621711609, poi1504621712524, poi1504621713389, poi1504621714253, poi1504621814099, poi1504621814907, poi1504700434163, poi1504700447491, poi1504700448786, poi1504700452732, poi1504700453672, poi1504700454729, poi1504700563389, poi1504700564298, poi1505115975395, poi1505115980731, poi1505115981687, poi1505115982581, poi1505115983521, poi1505115984442, poi1505116096860, poi1505116097860, poi1505141651494, poi1505141657583, poi1505141658896, poi1505141660137, poi1505141661340, poi1505141662473, poi1505141783287, poi1505141784830, poi1505227597047, poi1505227603059, poi1505227604374, poi1505227605608, poi1505227606931, poi1505227608447, poi1505227745866, poi1505227747632, poi1505234041919, poi1505234047302, poi1505234048674, poi1505234049891, poi1505234051121, poi1505234052549, poi1505234082553, poi1505234084187, poi1505805179402, poi1505805184815, poi1505805185854, poi1505805186859, poi1505805187884, poi1505805188952, poi1505805213899, poi1505805215104, poi1505822097631, poi1505822111440, poi1505822112573, poi1505822113898, poi1505822114949, poi1505822115986, poi1505822143239, poi1505822144389, poi1505827195346, poi1505827205633, poi1505827206818, poi1505827208262, poi1505827209640, poi1505827210862, poi1505827389520, poi1505827390973, poi17747, poi18259, poi18281, poi19004, poi23421, poi25013, poi26541, poi26883, poi29836, poi32579, poi34092, poi34641, poi35386, poi36277, poi39995, poi40098, poi40993, poi45099, poi46656, poi52011, poi52568, poi53146, poi53715, poi55169, poi55969, poi56106, poi57443, poi57846, poi58642, poi59354, poi60286, poi61337, poi62139, poi62527, poi63435, poi64160, poi65597, poi66256, poi66366, poi67488, poi69731, poi71136, poi72142, poi72344, poi72445, poi74135, poi74746, poi74849, poi76194, poi76893, poi79015, poi80265, poi81565, poi82664, poi84509, poi84720, poi86189, poi86415, poi86948, poi87943, poi88358, poi88414, poi88829, poi91101, poi99197, poi39773, poi44275, poi45727, poi65567, poi68270, poi78713, poi86980, 12, poi150028296413946, poi934868, poi93478868, poi150028286413927, poi150028286413946, poi150028286413947, poi150028286413948, 1, poi150028296413923, poi15002829623, poi920209000268556, poi1503928001551, poi1504008529903, poi1503903253329, poi1503918642321, poi1503558574885, poi1503557664003, poi1503494913863, poi1503557564025, poi1503484063228, poi1503486347529, poi1503482980327, poi1503483572134, poi1503315297673, poi1503316130388, poi1503318416737, poi1503385937466, poi1505827488164, poi1505806325253, poi1505805287859, poi1505802416767, poi1505480472919, poi1505717246550, poi1505234189865, poi1505474548847, poi1505477364552, poi1505228296520, poi1505218415505, poi1505227854502, poi1505199737905, poi1505213256210, poi1505215083605, poi1505116163826, poi1505141881494, poi1505113920064, poi1505114815660, poi1504877529985, poi1505113559731, poi1504876557280, poi1504877470411, poi1504700648004, poi1504870414516, poi1504620810518, poi1504621882607, poi1504619685957, poi1504620238793, poi1504273500380, poi1504523121078, poi1504253084521, poi1504272781613, poi1504177223772, poi1504177779536, poi1504097340242, poi1504175439127, poi753317500589521, poi458612500066324, poi1503385955437, poi1503315877355, poi1503315798664, poi1503316141390, poi1503318428940, poi1503482993661, poi1503484076904, poi1503483582201, poi1503486370415, poi1503494968077, poi1503557597526, poi1503557677559, poi1503558604092, poi1503918658226, poi1503903290536, poi1504008545887, poi1503928017368, poi1504175471147, poi1504097358072, poi1504177806507, poi1504177245937, poi1504272798880, poi1504253101649, poi1504523139627, poi1504273518300, poi1504620257716, poi1504619704939, poi1504621903420, poi1504620830340, poi1504870434743, poi1504876577234, poi1504700673535, poi1505113580346, poi1504877490340, poi1504877549953, poi1505114842315, poi1505113941480, poi1505116195700, poi1505141919100, poi1505199758927, poi1505229457636, poi1505227893332, poi1505234230163, poi1505475870335, poi1505718584172, poi1505803782347, poi1505807762287, poi1505805325864, poi1505827527604, poi38950034784636, poi42056171233, poi420561123133, poi150091213423, poi562629500248377, poi1503903295858, poi1503558606814, poi1503918660207, poi1504008548718, poi1503928019637, poi1503557679473, poi1503557599546, poi1503494973387, poi1503486372764, poi1503483583889, poi1503484086781, poi1503482996256, poi1503316143277, poi1503315800425, poi1503315879115, poi1503385959531, poi1503318430939, poi1505116198493, poi1505113944093, poi1505113582735, poi1505114844821, poi1504877492725, poi1504877552361, poi1504700677223, poi1504876579557, poi1504870437222, poi1504620832932, poi1504621905935, poi1504619707265, poi1504620260095, poi1504273520678, poi1504523142053, poi1504177811202, poi1504253103792, poi1504272801156, poi1504177249005, poi1504097360547, poi1504175474684, poi1505827531657, poi1505805329407, poi1505807969962, poi1505803978641, poi1505718778141, poi1505476062019, poi1505234234537, poi1505227897132, poi1505229622562, poi1505199761316, poi1505141923277, poi1505141787031, poi1505141788618, poi1505141789742, poi1505227609996, poi1505227611151, poi1505227612399, poi1505234055790, poi1505234057106, poi1505234058670, poi1505805189975, poi1505805191001, poi1505805192064, poi1505827212112, poi1505827213395, poi1505827214614, poi1504097222260, poi1504097223137, poi1504097223916, poi1504177026114, poi1504177028315, poi1504177030562, poi1504177615318, poi1504177616751, poi1504177617955, poi1504273368048, poi1504273368805, poi1504273369547, poi1504620657421, poi1504620658262, poi1504620659082, poi1504700455716, poi1504700456800, poi1504700457727, poi1504621715055, poi1504621715952, poi1504621716814, poi1504621815836, poi1504621816709, poi1504621817570, poi1505141663693, poi1505141664930, poi1505141666251, poi1503296977203, poi1503385808242, poi1503385809182, poi1503385810254, poi1503296916867, poi1503296917836, poi1503296918616, poi1503296975620, poi1503296976369, poi1503052295004, poi1503052296374, poi1503052297122, poi1503051809123, poi1503051809959, poi1503051810787, poi1503483997372, poi1503483998216, poi1503483998974, poi1503486281469, poi1503486282385, poi1503486283234, poi1503558452939, poi1503558453943, poi1503558456296, poi1504008497446, poi1504008498326, poi1504008499062, poi1503927966912, poi1503927967890, poi1503927968714, poi78486, poi98589, poi62360, poi70287, poi40958, poi51435, poi57962, poi53189, poi94180, poi29298, poi32881, poi55056, poi85675, poi50032, poi69990, poi77819, poi16415, poi18231, poi1503050275519, poi1503050276369, poi1503050277154, poi1502888916728, poi1502888917958, poi1502888918651, poi150158038504863, poi94261, poi81967, poi24103, poi90558, poi90866, poi67501, poi92832, poi10977, poi88448, poi66017, poi31325, poi80437, poi50920, poi25590, poi33482, poi13274, poi37637, poi97806, poi37662, poi68707, poi13563, poi10451, poi45377, poi58035, poi46011, poi40101, poi37049, poi37050, poi39501, poi15416, poi57834, poi94825, poi78052, poi75581, poi47111, poi26801, poi89208, poi56179, poi16910, poi19498, poi82250, poi67532, poi36662, poi22997, poi70891, poi21290, poi27356, poi43419, poi91886, poi85173, poi40865, poi150158968001532, poi1502888934878, poi1502888935644, poi1502888936428, poi1502880338278, poi1502880342265, poi1502880344447, poi1502880271683, poi1502880272684, poi1502880273789, poi1502880275024, poi1502880124943, poi1502880126012, poi1502880127298, poi53539, poi22387, poi67055, poi24783, poi92826, poi32819, poi52528, poi68609, poi93601, poi89205, poi1504008440572, poi1504008441394, poi1504008442131, poi1503903128556, poi1503903130305, poi1503903140354, poi1503903047958, poi1503903049081, poi1503903050860, poi1503927911900, poi1503927912638, poi1503927913453, poi1503558521368, poi1503558522841, poi1503558524157, poi1503486298956, poi1503486299763, poi1503486300743, poi1503494861539, poi1503494862663, poi1503494863559, poi1503494815842, poi1503494816812, poi1503494817641, poi1503483891663, poi1503483892575, poi1503483893503, poi1503483498758, poi1503483499339, poi1503483499934, poi1503483514520, poi1503483515077, poi1503483515645, poi1503482853901, poi1503482858120, poi1503482859356, poi1503482931533, poi1503482932432, poi1503482933308, poi1503050295259, poi1503050296039, poi1503050296756, poi1503052270688, poi1503052272022, poi1503052272996, poi1503051827556, poi1503051828330, poi1503051829046, poi1503385876109, poi1503385876924, poi1503385877699, poi1505116098800, poi1505116099679, poi1505116100574, poi1505115985329, poi1505115986251, poi1505115987155, poi1504700565235, poi1504700566177, poi1504700567137, poi1504620754197, poi1504620755103, poi1504620755964, poi1504620091056, poi1504620091894, poi1504620092757, poi1504620183883, poi1504620184950, poi1504620185839, poi1504273449544, poi1504273450447, poi1504273451295, poi1504272653584, poi1504272654375, poi1504272655109, poi1504272730769, poi1504272731524, poi1504272732344, poi1504619542332, poi1504619543213, poi1504619544091, poi1504619631286, poi1504619632140, poi1504619632945, poi1504522978367, poi1504522979216, poi1504522980020, poi1504523063328, poi1504523064315, poi1504523065172, poi1504177694014, poi1504177695150, poi1504177696220, poi1504177110009, poi1504177112581, poi1504177114710, poi1504097288054, poi1504097288976, poi1504097290647, poi1504175272367, poi1504175275032, poi1504175276086, poi1504175348597, poi1504175349548, poi1504175350680, poi1505822145680, poi1505822146833, poi1505822148099, poi1505822117079, poi1505822118037, poi1505822119133, poi1505827393884, poi1505827395248, poi1505827396399, poi1505805216143, poi1505805217235, poi1505805218252, poi1505234085619, poi1505234086955, poi1505234088285, poi1505227749163, poi1505227750627, poi1505227751937, poi1505223410173, poi1505222174680, poi1505283881709, poi1505293140477, poi1505293858108, poi1505293878230, poi1505293186711, poi1505283909792, poi1505222195881, poi1505223429221, poi1505223446819, poi1505222223332, poi1505283928427, poi1505293223861, poi1505293896963, poi1505293915559, poi1505293257270, poi1505283948878, poi1505228906061, poi1505475234721, poi1505717945638, poi1505803127844, poi1505222250509, poi1505223464991, poi1505807072825, poi1505223482114, poi1505222293202, poi1505283967458, poi1505293281487, poi1505293934417, poi15002813139779, a, 2, 22, 222, 2222, poi389038467836, poi3890384676767836, poi38903284676767836, poi3890767836, poi38907836, poi389078232336, poi3890782322336, poi38907822336, poi38907823221232336, poi389071232336, poi389071235675672336, poi3890735675672336, poi389071235672336, poi38907123336, poi389071336, poi3890716, poi3890713388886, poi38907133888086, poi389071338086, poi3890713386, poi3890713381221asdsa6, poi38932232071336, poi389322320716, poi38932232054716, !@#$%^,  poi27836727872 72 , -poi787979, Poi65465465465, Poi65465462333335465, Poi6546546545656665, Poi6546546656665, poi389981678787836, poi1505213893657, poi38950054444636, poi3895005443344636, poi389500543344636, Poi654655654526665, poi150234708552735, 10, poi15034047689788, poi934779798868, poi1, poi1123456789, poi150338628930448, poi149983781317256, poi7, poi431018336544, poi591415222925, poi242350930152, poi018653762152, poi304680647878, poi573939887494, poi3, poi5, poi0, poi9, poi13453, poi12836, poi51514, poi72178, poi69846, poi76159, poi73360, poi80169, poi84373, poi450908396602, poi967078745776, poi104512096376, poi534282178104, poipoi8, poi974469126110, poi577485774610, poi847646999391, poi380968921250, poi394093173824, poi110719074602, poi240001811574, poi362773615091, poi4, poi350096413423, poi754692760552, poi706826190800, poi965190382685, poi125508091785, poi128641264659, poi908942207140, poi953547843459, poi602826476993, poi150034413423, poi304041314514, poi066827993015, poi836621569493, poi021693568104, poi424409711843, poi367409311746, poi244173817627, poi145103575522, poi414498850275, poi150096413424, poi144440109348, poi755406383002, poi872153334838, poi732801775529, poi592886188427, poi607566130713, poi320401439975, poi225399325820, poi832897126760, poi869414576529, poi177738961564, poi670186761902, poi663060688721, poi869585585101, poi104066692325, poi276661056054, poi434632619418, poi409175780239, poi321672788829, poi723590393349, poi635246033615, poi853609303959, poi845917670996, poi409220826621, poi814394308811, poi867733853951, poi113840097010, poi705826500574, poi665990093533, poi769114429035, poi945923930884, poi292371569277, poi296301348091, poi820341916193, poi991012571081, poi758099877875, poi106608478689, poi901928261849, poi233913790125, poi265768257468, poi603066413417, poi130639166222, poi570927193392, poi377823866368, poi226618288994, poi848000062084, poi080038107211, poi148549383226, poi976547796953, poi694915110529, poi004796912934, poi421362309019, poi802287428579, poi496750065333, poi719513071222, poi780594610884, poi768300268961, poi143588442901, poi452045439122, poi125024146462, poi109005165136, poi850228275803, poi130918739077, poi845881374665, poi190357308197, poi564751564734, poi953989149392, poi328249306294, poi415697544714, poi86984, poipoi37943, poipoi3876, poi90200, poipoi6686, poipoi2279, poipoi6888, poipoi9862, poipoi7052, poipoi7501, poipoi7844, poipoi9639, poipoi2253, poi59672, poipoi5285, poipoi7377, poipoi4724, poi1234, poi1235, poi10520, poi35729, poi24628, poipoi7837, poipoi7857, poipoi1758, poipoi9368, poipoi5456, poi67839, poi27592, poi89635, poi1500964213423, poi150096@@213423, poi60594, poi38259, poi72467, poi38060, @!@&amp;81245, 123456567979, 123456597695, @!@&amp;17717, 90542, poi80428, poi85438, poi92692, 123456550269, @!@&amp;74114, 123456523386, @!@&amp;99531, TestName60551, poi44884, poi98174, poi35722, 123456531485, @!@&amp;17155, TestName83313, poi12498, poi29216, poi50841, TestName95721, poi84708, poi72271, poi60931, poi69978, poi1502877081154, poi2329, poi71264, @!@&amp;23977, poi63188, poi57496, poi1502876795029, poi18855, poi8621, 123456520223, @!@&amp;89154, TestName89577, poi39684, poi77150, poi76821, poi52875, poi88639, poi1502880575830, poi76311, poi9221, 123456536753, @!@&amp;78331, TestName41548, poi70959, poi85358, poi26344, poi8267, TestName39186, poi39735, poi34972, poi33994, poi54865, poi1502888925098, poi45446, poi1503050285854, poi59304, 123456545258, @!@&amp;43901, TestName26446, poi59190, poi34939, poi53963, poi1503468733096, poi28623, @!@&amp;10237, TestName10110, poi72195, poi47176, poi30149, poi1503472850195, poi54987, poi6500, TestName29816, poi24446, poi49645, poi15726, poi32427, 123456579051, @!@&amp;75525, poi1503385818528, poi35077, poi3171, TestName80895, poi85461, poi12651, poi38507, poi3380, 123456549597, @!@&amp;91655, poi1503052284241, poi41632, poi1546, poi71323, poi87864, 123456513391, poi1503051822032, poi48586, poi1892, TestName36976, poi94324, poi41465, poi48314, poi11298, @!@&amp;60843, TestName61305, poi21334, poi49399, poi39649, poi82319, 123456590128, 123456557309, @!@&amp;49414, poi1503296931860, poi70008, poi9622, TestName55239, poi46792, poi99092, poi59771, poi14022, poi68131, poi16663, poi1503482872704, poi23832, poi9551, -54079, poi30165, poi89521, poi30836, @!@&amp;30093, 123456578796, @!@&amp;53623, TestName29835, poi48560, poi26472, poi90208, poi50370, poi31344, 123456590225, @!@&amp;59128, TestName57602, poi39211, poi11271, poi18356, poi69578, poi81950, 123456517098, @!@&amp;66494, TestName97195, poi33365, poi85908, poi59567, -75581, poi39896, poi96431, TestName64639, poi70585, poi46717, poi77820, -63816, poi12051, poi18682, poi63742, 123456550019, poi95885, @!@&amp;37831, 123456547961, @!@&amp;16515, 123456569784, @!@&amp;24398, TestName71456, poi65208, poi39452, poi21974, poi30021, 123456529384, poi66762, @!@&amp;47148, TestName87457, poi47935, poi56183, poi34743, poi12512, poi49083, 123456597308, 123456592705, TestName21127, poi56028, poi35197, poi61474, poi1503483901053, poi48306, poi5820, poi81897, @!@&amp;67104, TestName78805, poi33161, poi61673, poi92800, poi73478, 123456554172, TestName39437, poi21925, poi37420, poi42616, 123456547624, poi1503927917593, poi78333, poi1503903075311, poi21542, poi3969, -94689, poi22672, poi91860, poi98998, @!@&amp;32071, 123456516171, TestName98629, poi17043, poi68663, poi82888, poi1504008445836, poi27818, poi1988, TestName1503927993988, poi28112, poi77460, poi41633, -1503927981912, poi16458, poi79953, poi38047, @!@&amp;1503927989489, poi81217, 12345651503927992327, -1504008511938, poi85399, poi78768, poi11900, @!@&amp;1504008518803, poi90070, 12345651504008521161, poi52661, poi153396413423, poi9051, TestName1504008522710, poi49635, poi76659, poi99193, poi12942, -72463, poi19399, poi12988, poi59720, @!@&amp;46374, poi2698, poi1503558471749, poi49579, poi56835, poi1503494828800, poi79598, poi9535, -11806, poi62035, poi58112, poi52307, @!@&amp;28699, 123456569307, TestName41316, poi64761, poi46279, poi90390, poi1957, -39534, poi24616, poi23944, poi65783, @!@&amp;75059, poi1503486290307, poi14151, poi50135, 123456547874, TestName33239, poi83857, poi29680, poi48761, poi56707, poi3930, poi38433, poi62249, poi46385, poi59893, TestName1504700636694, poi1504700640676, poi1504700641874, poi1504700642856, poi1505115993850, poi1505115999831, poi1505116103064, -1505116142795, poi1505116144235, poi1505116145140, poi1505116146007, @!@&amp;1505116149485, TestName1505116154484, poi1505116156715, poi1505116157575, poi1505116158486, poi39781, 12345651505116152617, poi1505141673016, poi1505141677008, poi1505117920200, poi1505118302583, poi1505119399282, poi1505119402768, poi1505119416149, -1505119453773, poi1505119455206, poi1505119456064, poi1505119456911, @!@&amp;1505119460133, TestName1505119464436, poi1505119466309, poi1505119467159, poi1505119468026, poi1505130539872, poi1505137248144, poi1505137257819, poi1505137259143, poi1505137260482, poi1505137936395, poi1505137957421, poi1505137959667, poi1505137960973, poi1505137962481, poi1505138611143, poi1505139155202, poi1505139157448, poi1505139158766, poi1505139160178, -1504620219792, poi47203, poi63910, poi35165, @!@&amp;1504620226635, 12345651504620229254, TestName1504620231055, poi19546, poi27967, poi55736, poi1504620096556, poi20570, poi57330, poi6704, -1504620791190, poi1504620792652, poi1504620793608, poi1504620794433, @!@&amp;1504620797821, poi1717, poi64501, 12345651504620800432, poi1504620662633, poi74572, poi9615, -1504700617649, poi1504700619956, poi1504700621037, poi1504700623867, @!@&amp;1504700629344, poi38738, 12345651504700634116, poi1504700460236, poi1504700463350, poi1504700560682, TestName1504621874423, poi1504621876268, poi1504621877150, poi1504621878009, -1504621863962, poi1504621865320, poi1504621866191, poi1504621866990, @!@&amp;1504621870186, poi4017, poi15023, 12345651504621872809, poi1504621720032, poi98341, TestName1504620802148, poi1504620804352, poi1504620805148, poi1504620806034, poi41730, poi8009, poi1504522984009, poi90374, -1504523102821, poi44096, poi96234, poi10532, @!@&amp;1504523109165, poi5288, 12345651504523111474, TestName1504523113139, poi67079, poi60965, poi27366, -1504619667855, poi27532, poi95979, poi30521, @!@&amp;1504619674215, 12345651504619676574, TestName1504619678205, poi53151, poi32942, poi64856, poi1504619547509, poi75912, poi64126, -1504272764285, poi14544, poi42271, poi48621, @!@&amp;1504272770295, poi3352, 12345651504272772699, TestName1504272774344, poi69297, poi39190, poi80028, poi1504272658728, poi12385, poi24287, -1504273482709, poi10447, poi96028, poi38084, @!@&amp;1504273488736, 12345651504273491275, TestName1504273492908, poi54741, poi90267, poi53658, poi1504273373159, poi98504, poi49693, 12345651504177765817, TestName1504177768209, poi1504177771410, poi1504177773205, poi1504177774332, poi1504177696221, -1504177749913, poi1504177751820, poi1504177752979, poi1504177754173, @!@&amp;1504177760966, poi1504177627230, poi1504177630866, poi1504177115906, -1504177190982, poi17238, poi43594, poi26334, @!@&amp;1504177204699, poi1504177047686, poi1504177053498, poi49590, poi91890, 12345651504177208809, TestName1504177211428, poi77708, poi23459, poi89229, -1504175408544, poi70395, poi83491, poi84688, @!@&amp;1504175419505, poi1504175284099, poi68782, poi1938, 12345651504175423107, TestName1504175425346, poi42396, poi18701, poi52058, -1504097321862, poi92569, poi60969, poi42914, @!@&amp;1504097328533, poi1504097227631, poi47212, poi66490, poi8055, 12345651504097330935, TestName1504097332861, poi99138, poi83487, poi14850, -1505227805682, poi1505227807957, poi1505227809576, poi1505227811434, @!@&amp;1505227816753, poi1505227749218, poi1505227621467, poi1505227625672, poi82922, 12345651505227820853, TestName1505227823453, poi1505227826675, poi1505227828210, poi1505227829766, poi1505227831245, poi1505227837158, poi1505227840291, poi1505227843983, -1505141845109, poi1505141847507, poi1505141848727, poi1505141849763, @!@&amp;1505141855084, 12345651505141858969, poi1505141786313, 12345651505119462738, poi98721, TestName1505141861629, poi1505141864874, poi1505141866237, poi1505141867523, poi1505141868574, poi1505141870537, poi1505141872796, poi1505141874866, poi1505295998534, poi1505296000895, poi1505296002395, poi1505296003811, 12345651505234166317, TestName1505234168913, poi1505234172351, poi1505234173699, poi1505234175219, poi1505234176354, poi1505234178650, poi1505234180965, poi1505234183051, poi1505234064122, poi1505234067765, -1505234150868, poi1505234153306, poi1505234154749, poi1505234156278, @!@&amp;1505234161919, poi1505234083187, poi36069, poi94102, -1505805258810, poi1505805260531, poi1505805261582, poi1505805262726, @!@&amp;1505805266443, poi1505805195444, poi1505805198418, poi1505805213992, 12345651505805269495, TestName1505805271511, poi1505805273692, poi1505805274751, poi1505805275744, poi1505805276760, poi1505805278316, poi1505805279874, poi1505805281522, poi1505822122129, poi1505822126096, poi1505822143036, poi1505827220650, poi1505827224454, -1505827448808, poi1505827451055, poi1505827452287, poi1505827453735, @!@&amp;1505827459564, poi50554, poi41627, 12345651505827463875, poi1505827391898, TestName1505827467034, poi1505827470243, poi1505827471331, poi1505827472524, poi1505827473968, poi1505827476260, poi1505827478594, poi1505827480549, poi150096424, poi4405, poi43178, poi1472, poi47009, poi7985, poi21894, poi3246, poi34716, poi6737, poi1502875603347, poi60642, poi5271, poi1502875652147, poi95220, poi3457, poi9676, poi11037, poi29845, poi5972, poi6009, poi45447, poi7157, poi8680, poi5438, poi23450, poi1236, poi15018, poi9280, poi6147, poi49746, poi4399, poi9994, poi94014, poi1260, poi2983, poi8381, poi55932, poi3366, poi3575, poipoi25351, poi3307, poi74576, poi6727, poi24966, poi8141, poi5027, poipoi56944, poipoi5823, poi6502, poipoi89923, poipoi1805, poi6390, poipoi83226, poi2, poipoi0, poi150096413423, poi1443, poipoi69745, poi3099, poipoi83294, poi6475, poipoi17952, poi6249, poipoi92242, poi7130, poipoi43345, poi5123, poipoi16748, poi5684, poipoi49084, poi5857, poipoi88007, poipoi5, poi6, poipoi7, poi8512, poi25001, TestName43101, poi68469, poi99783, poi89641, poi95803, TestName32048, TestName84771, TestName33132, TestName74659, TestName59441, TestName14893, TestName, poi6057, poi1748, poi42419, TestName61205, poi6444, poi44804, TestName29910, poi79167, TestName55502, poi22194, TestName40651, poi39494, poi10809, TestName55495, poi92147, poi77159, poi68535, poi56788, poi28582, poi71507, poi84118, poi67020, poi94984, poi71762, poi94284, poi46167, poi84733, poi69613, poi57558, poi44645, poi53181, poi60429, poi21085, poi68938, poi31043, poi71911, poi69765, poi1505827465506, poi1505805270482, poi1505234167414, poi1505119463605, poi1505141860298, poi1505227822202, poi71140, poi20364, poi80350, poi1504177767222, poi94152, poi12362, poi87625, poi46829, poi1504621873604, poi1504700635399, poi1504620801316, poi95322, poi1505116153548, poi15009122423, poi1500 922423, poi11500 922423, poi11500 422423, poi1 500 922423, poi231174500833191, poi278759500986150, poi1503385931348, poi27875950098226150, poi1503314969355, poi1503316123519, poi1503318403077, poi1503483570033, poi1503482977731, poi1503484060745, poi1503494910110, poi1503556226638, poi1503556287682, poi1503556540431, poi279500986150, poi1503557410236, poi1503557560884, poi1503486344395, poi2787595006150, poi1503557660894, poi1503927998716, poi1504008527076, poi1503903246743, poi1503918638642, poi1503558572345, poi27875978987006150, poi1505116159537, poi1504700644058, poi1504870409951, poi1504876552690, poi1504877466119, poi1505113547134, poi1504877525554, poi1505114807971, poi1505113911972, poi1504620235339, poi1504621878897, poi1504620806892, poi1504523117759, poi1504619682599, poi1504272778480, poi1504273497254, poi1504177775963, poi1504253080612, poi1504177218078, poi1504175434201, poi1504097337325, poi1505227849601, poi278759506123213150, poi1505213584335, poi1505217208253, poi1505217573501, poi1505217784256, poi1505218053320, poi1505218255270, poi1505199725726, poi1505221726734, poi1505223321007, poi1505141876955, poi278759506150, poi1505201162872, poi1505201666600, poi1505201798889, poi1505203404789, poi1505204048338, poi1505204171800, poi1505204212759, poi1505204522324, poi27875950623232150, poi1505204663244, poi1505205235576, poi1505205795086, poi1505205828624, poi1505205869749, poi1505205968282, poi1505206076181, poi1505206184752, poi1505206260311, poi1505206487757, poi1505206587479, poi1505207665813, poi1505207764776, poi1505209135787, poi1505209443900, poi1505210543802, poi1505210686691, poi1505210808575, poi1505210841939, poi1505210884812, poi1505211090877, poi1505211244804, poi1505211291632, poi1505211394581, poi1505211444831, poi1505211588224, poi1505211676190, poi1505211727580, poi1505211784558, poi1505211848322, poi1505212476511, poi1505212576486, poi1505213106531, poi1505234184991, poi1505228035534, poi1505805283309, poi1505802229446, poi1505474377960, poi1505477187990, poi1505717067575, poi1505480292443, poi1505827482545, poi1505805995975]
">
      <![CDATA[java.lang.AssertionError: 1 expectation failed.
JSON path body.poi[0].id doesn't match.
Expected: a collection containing "poi1505827585671"
  Actual: [poi389500347846787836, poi3895003344636, poi38950033478784636, poi64978, poi57991, poi19433, poi50644, poi39275, poi81885, poi32857, poi42479, poi47204, poi51443, poi63838, poi73985, poi85605, poi34750, poi43201, poi83668, poi92937, poi25439, poi43745, poi34320, @!@&, @!@&91277, @!@&40689, @!@&45621, @!@&69572, @!@&20975, poi75175, @!@&15920, poi99341, poi85401, poi44251, poi98497, @!@&21311, poi64727, @!@&57294, poi34384, @!@&96823, poi80943, @!@&65772, poi20512, @!@&54029, poi13855, @!@&15643, poi63600, poi69096, poi71636, poi12575, poi80369, poi59514, poi16013, poi1504177762934, poi97749, poi65885, poi59745, poi59904, poi55016, poi1504620798632, poi1504621871124, poi1504700630701, poi1505116150433, poi1505119460964, poi1505141856306, poi1505227817870, poi1505234163235, poi1505805267462, poi1505827460995, poi1500962213423, poi389500334784636, poi71063, poi48528, poi43558, poi49572, poi36667, poi84128, poi85897, poi67866, poi32730, poi22173, poi29036, poi42049, poi18678, poi84290, poi88808, poi17198, poi41884, poi93018, poi57801, poi79194, poi12119, poi79546, 123456546776, poi65196, poi52989, poi71716, poi36635, 123456539470, 1234576513673, 123456589248, 1234576549931, 123456519260, 1234576528357, 1234565, poi25283, poi41428, poi60276, poi10073, 123456516815, poi61853, 123456511571, poi58057, 123456540163, poi41622, 123456570799, poi49656, 123456581138, poi1505827462424, poi1505805268475, poi1505234164672, poi1505227819301, poi1505141857612, poi1505119461809, poi1505116151550, poi1504700632399, poi1504621871921, poi1504620799620, poi16154, poi48379, poi15454, poi21843, poi68596, poi1504177764484, poi31527, poi43509, poi56147, poi3895003478467836, poi38950038467836, poi150028272799341, poi470903500278645, poi1503557564695, poi1503557664665, poi1503486348589, poi1503494915211, poi1503928002360, poi1504008530673, poi1503558575596, poi1503903255109, poi1503918643208, poi1503385939003, poi1503315302291, poi1503316131060, poi1503318417504, poi1503482981043, poi1503484064096, poi1503483572734, poi1504097341016, poi1504175440610, poi1504177225004, poi1504177780938, poi1504253085298, poi1504272782349, poi1504273501303, poi1504523121919, poi1504619686720, poi1504620239625, poi1504620811360, poi1504621883490, poi1505116164728, poi1504700649145, poi1504870415396, poi1504876558136, poi1504877471298, poi1504877530872, poi1505113560710, poi1505113920982, poi1505114816589, poi1505141882929, poi1505199738766, poi1505213277812, poi1505215166937, poi1505218435790, poi1505234191501, poi1505227855828, poi1505228311057, poi1505474569562, poi1505477383616, poi1505480494035, poi1505717265610, poi1505802435857, poi1505827489779, poi1505805288862, poi1505806345162, poi1505805330646, poi1505827533080, poi1505807990100, poi1505803997775, poi1505718797277, poi1505476081371, poi1505227898665, poi1505229637141, poi1505234235635, poi1505223346237, poi1505221753070, poi1505221847204, poi1505141924719, poi1505199762194, poi1505113944987, poi1505113583577, poi1504877553206, poi1504877493559, poi1504876580356, poi1504870438067, poi1504700679142, poi1505114845687, poi1505116199450, poi1504621906769, poi1504620833727, poi1504620260919, poi1504619708040, poi1504523142817, poi1504273521444, poi1504272801902, poi1504253104527, poi1504177812923, poi1504175475916, poi1504177251637, poi1504097361368, poi1503483584454, poi1503484087627, poi1503482997062, poi1503316143978, poi1503315801026, poi1503315879699, poi1503385960289, poi1503318431601, poi1503903297056, poi1503558607606, poi1504008551968, poi1503928020372, poi1503918660891, poi1503494974356, poi1503486373638, poi1503557680140, poi1503557600211, poi876928000550080, poi421797000660640, poi1503557598870, poi1503557678791, poi1503486371874, poi1503494972414, poi1503918659535, poi1503928018726, poi1504008547269, poi1503558606062, poi1503903294191, poi1503318430263, poi1503385958435, poi1503315878519, poi1503315799814, poi1503316142620, poi1503482995405, poi1503484085930, poi1503483583307, poi1504097359576, poi1504175473582, poi1504177247963, poi1504253103054, poi1504177809758, poi1504272800382, poi1504273519856, poi1504523141162, poi1504619706471, poi1504620259302, poi1504620832034, poi1504621904988, poi1505116197508, poi1504700676096, poi1504870436305, poi1504876578710, poi1504877491910, poi1504877551551, poi1505113581880, poi1505113943255, poi1505114843897, poi1505141921668, poi1505199760457, poi1505234232991, poi1505229607628, poi1505227895695, poi1505476043079, poi1505718759167, poi1505803959554, poi1505827530337, poi1505805328259, poi1505807949263, poi150537518557427, poi11553, poi12112, poi12735, poi12745, poi14740, poi1502880107658, poi1502880119893, poi1502880120841, poi1502880121856, poi1502880122719, poi1502880123870, poi1502880256379, poi1502880260896, poi1502880262321, poi1502880266356, poi1502880270253, poi1502880325213, poi1502880333142, poi1502888899194, poi1502888912723, poi1502888913536, poi1502888914462, poi1502888915150, poi1502888915892, poi1502888933297, poi1502888934096, poi1503050258895, poi1503050271074, poi1503050272014, poi1503050272850, poi1503050273655, poi1503050274464, poi1503050293715, poi1503050294560, poi1503051799625, poi1503051804890, poi1503051805763, poi1503051806703, poi1503051807422, poi1503051808215, poi1503051825806, poi1503051826676, poi1503052258787, poi1503052265262, poi1503052266335, poi1503052267448, poi1503052268553, poi1503052269516, poi1503052292373, poi1503052294030, poi1503296913340, poi1503296914558, poi1503296915390, poi1503385805391, poi1503385806481, poi1503385807316, poi1503482850345, poi1503482851430, poi1503482852660, poi1503483497007, poi1503483497623, poi1503483498192, poi1503483887755, poi1503483889817, poi1503483890625, poi1503486271479, poi1503486277035, poi1503486278053, poi1503486278965, poi1503486279745, poi1503486280666, poi1503486297374, poi1503486298162, poi1503494795438, poi1503494810321, poi1503494811990, poi1503494813103, poi1503494814027, poi1503494814845, poi1503494859623, poi1503494860526, poi1503558429983, poi1503558444541, poi1503558445717, poi1503558448302, poi1503558449524, poi1503558451210, poi1503558516982, poi1503558519012, poi1503903010229, poi1503903025632, poi1503903026620, poi1503903030620, poi1503903041009, poi1503903045225, poi1503903119593, poi1503903126087, poi1503927902891, poi1503927907845, poi1503927908795, poi1503927909585, poi1503927910340, poi1503927911171, poi1503927965159, poi1503927966146, poi1504008423566, poi1504008436717, poi1504008437568, poi1504008438351, poi1504008439104, poi1504008439850, poi1504008495693, poi1504008496621, poi1504097203380, poi1504097218288, poi1504097219187, poi1504097219982, poi1504097220737, poi1504097221501, poi1504097283920, poi1504097284975, poi1504175246540, poi1504175261867, poi1504175263471, poi1504175264680, poi1504175265707, poi1504175268276, poi1504175343784, poi1504175346565, poi1504177004430, poi1504177017406, poi1504177020314, poi1504177021425, poi1504177023637, poi1504177024953, poi1504177106802, poi1504177108531, poi1504177603313, poi1504177609343, poi1504177610698, poi1504177611875, poi1504177613149, poi1504177614138, poi1504177691761, poi1504177693063, poi1504272639399, poi1504272649435, poi1504272650268, poi1504272651080, poi1504272651901, poi1504272652652, poi1504272729026, poi1504272729940, poi1504273362062, poi1504273363997, poi1504273364860, poi1504273365621, poi1504273366429, poi1504273367306, poi1504273447798, poi1504273448777, poi1504522971542, poi1504522974040, poi1504522974970, poi1504522975811, poi1504522976638, poi1504522977482, poi1504523061374, poi1504523062285, poi1504619536317, poi1504619538152, poi1504619539045, poi1504619539880, poi1504619540645, poi1504619541505, poi1504619628646, poi1504619630396, poi1504620085214, poi1504620087067, poi1504620087903, poi1504620088683, poi1504620089483, poi1504620090283, poi1504620181981, poi1504620182951, poi1504620651228, poi1504620653117, poi1504620653918, poi1504620654807, poi1504620655744, poi1504620656554, poi1504620752356, poi1504620753148, poi1504621708881, poi1504621710765, poi1504621711609, poi1504621712524, poi1504621713389, poi1504621714253, poi1504621814099, poi1504621814907, poi1504700434163, poi1504700447491, poi1504700448786, poi1504700452732, poi1504700453672, poi1504700454729, poi1504700563389, poi1504700564298, poi1505115975395, poi1505115980731, poi1505115981687, poi1505115982581, poi1505115983521, poi1505115984442, poi1505116096860, poi1505116097860, poi1505141651494, poi1505141657583, poi1505141658896, poi1505141660137, poi1505141661340, poi1505141662473, poi1505141783287, poi1505141784830, poi1505227597047, poi1505227603059, poi1505227604374, poi1505227605608, poi1505227606931, poi1505227608447, poi1505227745866, poi1505227747632, poi1505234041919, poi1505234047302, poi1505234048674, poi1505234049891, poi1505234051121, poi1505234052549, poi1505234082553, poi1505234084187, poi1505805179402, poi1505805184815, poi1505805185854, poi1505805186859, poi1505805187884, poi1505805188952, poi1505805213899, poi1505805215104, poi1505822097631, poi1505822111440, poi1505822112573, poi1505822113898, poi1505822114949, poi1505822115986, poi1505822143239, poi1505822144389, poi1505827195346, poi1505827205633, poi1505827206818, poi1505827208262, poi1505827209640, poi1505827210862, poi1505827389520, poi1505827390973, poi17747, poi18259, poi18281, poi19004, poi23421, poi25013, poi26541, poi26883, poi29836, poi32579, poi34092, poi34641, poi35386, poi36277, poi39995, poi40098, poi40993, poi45099, poi46656, poi52011, poi52568, poi53146, poi53715, poi55169, poi55969, poi56106, poi57443, poi57846, poi58642, poi59354, poi60286, poi61337, poi62139, poi62527, poi63435, poi64160, poi65597, poi66256, poi66366, poi67488, poi69731, poi71136, poi72142, poi72344, poi72445, poi74135, poi74746, poi74849, poi76194, poi76893, poi79015, poi80265, poi81565, poi82664, poi84509, poi84720, poi86189, poi86415, poi86948, poi87943, poi88358, poi88414, poi88829, poi91101, poi99197, poi39773, poi44275, poi45727, poi65567, poi68270, poi78713, poi86980, 12, poi150028296413946, poi934868, poi93478868, poi150028286413927, poi150028286413946, poi150028286413947, poi150028286413948, 1, poi150028296413923, poi15002829623, poi920209000268556, poi1503928001551, poi1504008529903, poi1503903253329, poi1503918642321, poi1503558574885, poi1503557664003, poi1503494913863, poi1503557564025, poi1503484063228, poi1503486347529, poi1503482980327, poi1503483572134, poi1503315297673, poi1503316130388, poi1503318416737, poi1503385937466, poi1505827488164, poi1505806325253, poi1505805287859, poi1505802416767, poi1505480472919, poi1505717246550, poi1505234189865, poi1505474548847, poi1505477364552, poi1505228296520, poi1505218415505, poi1505227854502, poi1505199737905, poi1505213256210, poi1505215083605, poi1505116163826, poi1505141881494, poi1505113920064, poi1505114815660, poi1504877529985, poi1505113559731, poi1504876557280, poi1504877470411, poi1504700648004, poi1504870414516, poi1504620810518, poi1504621882607, poi1504619685957, poi1504620238793, poi1504273500380, poi1504523121078, poi1504253084521, poi1504272781613, poi1504177223772, poi1504177779536, poi1504097340242, poi1504175439127, poi753317500589521, poi458612500066324, poi1503385955437, poi1503315877355, poi1503315798664, poi1503316141390, poi1503318428940, poi1503482993661, poi1503484076904, poi1503483582201, poi1503486370415, poi1503494968077, poi1503557597526, poi1503557677559, poi1503558604092, poi1503918658226, poi1503903290536, poi1504008545887, poi1503928017368, poi1504175471147, poi1504097358072, poi1504177806507, poi1504177245937, poi1504272798880, poi1504253101649, poi1504523139627, poi1504273518300, poi1504620257716, poi1504619704939, poi1504621903420, poi1504620830340, poi1504870434743, poi1504876577234, poi1504700673535, poi1505113580346, poi1504877490340, poi1504877549953, poi1505114842315, poi1505113941480, poi1505116195700, poi1505141919100, poi1505199758927, poi1505229457636, poi1505227893332, poi1505234230163, poi1505475870335, poi1505718584172, poi1505803782347, poi1505807762287, poi1505805325864, poi1505827527604, poi38950034784636, poi42056171233, poi420561123133, poi150091213423, poi562629500248377, poi1503903295858, poi1503558606814, poi1503918660207, poi1504008548718, poi1503928019637, poi1503557679473, poi1503557599546, poi1503494973387, poi1503486372764, poi1503483583889, poi1503484086781, poi1503482996256, poi1503316143277, poi1503315800425, poi1503315879115, poi1503385959531, poi1503318430939, poi1505116198493, poi1505113944093, poi1505113582735, poi1505114844821, poi1504877492725, poi1504877552361, poi1504700677223, poi1504876579557, poi1504870437222, poi1504620832932, poi1504621905935, poi1504619707265, poi1504620260095, poi1504273520678, poi1504523142053, poi1504177811202, poi1504253103792, poi1504272801156, poi1504177249005, poi1504097360547, poi1504175474684, poi1505827531657, poi1505805329407, poi1505807969962, poi1505803978641, poi1505718778141, poi1505476062019, poi1505234234537, poi1505227897132, poi1505229622562, poi1505199761316, poi1505141923277, poi1505141787031, poi1505141788618, poi1505141789742, poi1505227609996, poi1505227611151, poi1505227612399, poi1505234055790, poi1505234057106, poi1505234058670, poi1505805189975, poi1505805191001, poi1505805192064, poi1505827212112, poi1505827213395, poi1505827214614, poi1504097222260, poi1504097223137, poi1504097223916, poi1504177026114, poi1504177028315, poi1504177030562, poi1504177615318, poi1504177616751, poi1504177617955, poi1504273368048, poi1504273368805, poi1504273369547, poi1504620657421, poi1504620658262, poi1504620659082, poi1504700455716, poi1504700456800, poi1504700457727, poi1504621715055, poi1504621715952, poi1504621716814, poi1504621815836, poi1504621816709, poi1504621817570, poi1505141663693, poi1505141664930, poi1505141666251, poi1503296977203, poi1503385808242, poi1503385809182, poi1503385810254, poi1503296916867, poi1503296917836, poi1503296918616, poi1503296975620, poi1503296976369, poi1503052295004, poi1503052296374, poi1503052297122, poi1503051809123, poi1503051809959, poi1503051810787, poi1503483997372, poi1503483998216, poi1503483998974, poi1503486281469, poi1503486282385, poi1503486283234, poi1503558452939, poi1503558453943, poi1503558456296, poi1504008497446, poi1504008498326, poi1504008499062, poi1503927966912, poi1503927967890, poi1503927968714, poi78486, poi98589, poi62360, poi70287, poi40958, poi51435, poi57962, poi53189, poi94180, poi29298, poi32881, poi55056, poi85675, poi50032, poi69990, poi77819, poi16415, poi18231, poi1503050275519, poi1503050276369, poi1503050277154, poi1502888916728, poi1502888917958, poi1502888918651, poi150158038504863, poi94261, poi81967, poi24103, poi90558, poi90866, poi67501, poi92832, poi10977, poi88448, poi66017, poi31325, poi80437, poi50920, poi25590, poi33482, poi13274, poi37637, poi97806, poi37662, poi68707, poi13563, poi10451, poi45377, poi58035, poi46011, poi40101, poi37049, poi37050, poi39501, poi15416, poi57834, poi94825, poi78052, poi75581, poi47111, poi26801, poi89208, poi56179, poi16910, poi19498, poi82250, poi67532, poi36662, poi22997, poi70891, poi21290, poi27356, poi43419, poi91886, poi85173, poi40865, poi150158968001532, poi1502888934878, poi1502888935644, poi1502888936428, poi1502880338278, poi1502880342265, poi1502880344447, poi1502880271683, poi1502880272684, poi1502880273789, poi1502880275024, poi1502880124943, poi1502880126012, poi1502880127298, poi53539, poi22387, poi67055, poi24783, poi92826, poi32819, poi52528, poi68609, poi93601, poi89205, poi1504008440572, poi1504008441394, poi1504008442131, poi1503903128556, poi1503903130305, poi1503903140354, poi1503903047958, poi1503903049081, poi1503903050860, poi1503927911900, poi1503927912638, poi1503927913453, poi1503558521368, poi1503558522841, poi1503558524157, poi1503486298956, poi1503486299763, poi1503486300743, poi1503494861539, poi1503494862663, poi1503494863559, poi1503494815842, poi1503494816812, poi1503494817641, poi1503483891663, poi1503483892575, poi1503483893503, poi1503483498758, poi1503483499339, poi1503483499934, poi1503483514520, poi1503483515077, poi1503483515645, poi1503482853901, poi1503482858120, poi1503482859356, poi1503482931533, poi1503482932432, poi1503482933308, poi1503050295259, poi1503050296039, poi1503050296756, poi1503052270688, poi1503052272022, poi1503052272996, poi1503051827556, poi1503051828330, poi1503051829046, poi1503385876109, poi1503385876924, poi1503385877699, poi1505116098800, poi1505116099679, poi1505116100574, poi1505115985329, poi1505115986251, poi1505115987155, poi1504700565235, poi1504700566177, poi1504700567137, poi1504620754197, poi1504620755103, poi1504620755964, poi1504620091056, poi1504620091894, poi1504620092757, poi1504620183883, poi1504620184950, poi1504620185839, poi1504273449544, poi1504273450447, poi1504273451295, poi1504272653584, poi1504272654375, poi1504272655109, poi1504272730769, poi1504272731524, poi1504272732344, poi1504619542332, poi1504619543213, poi1504619544091, poi1504619631286, poi1504619632140, poi1504619632945, poi1504522978367, poi1504522979216, poi1504522980020, poi1504523063328, poi1504523064315, poi1504523065172, poi1504177694014, poi1504177695150, poi1504177696220, poi1504177110009, poi1504177112581, poi1504177114710, poi1504097288054, poi1504097288976, poi1504097290647, poi1504175272367, poi1504175275032, poi1504175276086, poi1504175348597, poi1504175349548, poi1504175350680, poi1505822145680, poi1505822146833, poi1505822148099, poi1505822117079, poi1505822118037, poi1505822119133, poi1505827393884, poi1505827395248, poi1505827396399, poi1505805216143, poi1505805217235, poi1505805218252, poi1505234085619, poi1505234086955, poi1505234088285, poi1505227749163, poi1505227750627, poi1505227751937, poi1505223410173, poi1505222174680, poi1505283881709, poi1505293140477, poi1505293858108, poi1505293878230, poi1505293186711, poi1505283909792, poi1505222195881, poi1505223429221, poi1505223446819, poi1505222223332, poi1505283928427, poi1505293223861, poi1505293896963, poi1505293915559, poi1505293257270, poi1505283948878, poi1505228906061, poi1505475234721, poi1505717945638, poi1505803127844, poi1505222250509, poi1505223464991, poi1505807072825, poi1505223482114, poi1505222293202, poi1505283967458, poi1505293281487, poi1505293934417, poi15002813139779, a, 2, 22, 222, 2222, poi389038467836, poi3890384676767836, poi38903284676767836, poi3890767836, poi38907836, poi389078232336, poi3890782322336, poi38907822336, poi38907823221232336, poi389071232336, poi389071235675672336, poi3890735675672336, poi389071235672336, poi38907123336, poi389071336, poi3890716, poi3890713388886, poi38907133888086, poi389071338086, poi3890713386, poi3890713381221asdsa6, poi38932232071336, poi389322320716, poi38932232054716, !@#$%^,  poi27836727872 72 , -poi787979, Poi65465465465, Poi65465462333335465, Poi6546546545656665, Poi6546546656665, poi389981678787836, poi1505213893657, poi38950054444636, poi3895005443344636, poi389500543344636, Poi654655654526665, poi150234708552735, 10, poi15034047689788, poi934779798868, poi1, poi1123456789, poi150338628930448, poi149983781317256, poi7, poi431018336544, poi591415222925, poi242350930152, poi018653762152, poi304680647878, poi573939887494, poi3, poi5, poi0, poi9, poi13453, poi12836, poi51514, poi72178, poi69846, poi76159, poi73360, poi80169, poi84373, poi450908396602, poi967078745776, poi104512096376, poi534282178104, poipoi8, poi974469126110, poi577485774610, poi847646999391, poi380968921250, poi394093173824, poi110719074602, poi240001811574, poi362773615091, poi4, poi350096413423, poi754692760552, poi706826190800, poi965190382685, poi125508091785, poi128641264659, poi908942207140, poi953547843459, poi602826476993, poi150034413423, poi304041314514, poi066827993015, poi836621569493, poi021693568104, poi424409711843, poi367409311746, poi244173817627, poi145103575522, poi414498850275, poi150096413424, poi144440109348, poi755406383002, poi872153334838, poi732801775529, poi592886188427, poi607566130713, poi320401439975, poi225399325820, poi832897126760, poi869414576529, poi177738961564, poi670186761902, poi663060688721, poi869585585101, poi104066692325, poi276661056054, poi434632619418, poi409175780239, poi321672788829, poi723590393349, poi635246033615, poi853609303959, poi845917670996, poi409220826621, poi814394308811, poi867733853951, poi113840097010, poi705826500574, poi665990093533, poi769114429035, poi945923930884, poi292371569277, poi296301348091, poi820341916193, poi991012571081, poi758099877875, poi106608478689, poi901928261849, poi233913790125, poi265768257468, poi603066413417, poi130639166222, poi570927193392, poi377823866368, poi226618288994, poi848000062084, poi080038107211, poi148549383226, poi976547796953, poi694915110529, poi004796912934, poi421362309019, poi802287428579, poi496750065333, poi719513071222, poi780594610884, poi768300268961, poi143588442901, poi452045439122, poi125024146462, poi109005165136, poi850228275803, poi130918739077, poi845881374665, poi190357308197, poi564751564734, poi953989149392, poi328249306294, poi415697544714, poi86984, poipoi37943, poipoi3876, poi90200, poipoi6686, poipoi2279, poipoi6888, poipoi9862, poipoi7052, poipoi7501, poipoi7844, poipoi9639, poipoi2253, poi59672, poipoi5285, poipoi7377, poipoi4724, poi1234, poi1235, poi10520, poi35729, poi24628, poipoi7837, poipoi7857, poipoi1758, poipoi9368, poipoi5456, poi67839, poi27592, poi89635, poi1500964213423, poi150096@@213423, poi60594, poi38259, poi72467, poi38060, @!@&81245, 123456567979, 123456597695, @!@&17717, 90542, poi80428, poi85438, poi92692, 123456550269, @!@&74114, 123456523386, @!@&99531, TestName60551, poi44884, poi98174, poi35722, 123456531485, @!@&17155, TestName83313, poi12498, poi29216, poi50841, TestName95721, poi84708, poi72271, poi60931, poi69978, poi1502877081154, poi2329, poi71264, @!@&23977, poi63188, poi57496, poi1502876795029, poi18855, poi8621, 123456520223, @!@&89154, TestName89577, poi39684, poi77150, poi76821, poi52875, poi88639, poi1502880575830, poi76311, poi9221, 123456536753, @!@&78331, TestName41548, poi70959, poi85358, poi26344, poi8267, TestName39186, poi39735, poi34972, poi33994, poi54865, poi1502888925098, poi45446, poi1503050285854, poi59304, 123456545258, @!@&43901, TestName26446, poi59190, poi34939, poi53963, poi1503468733096, poi28623, @!@&10237, TestName10110, poi72195, poi47176, poi30149, poi1503472850195, poi54987, poi6500, TestName29816, poi24446, poi49645, poi15726, poi32427, 123456579051, @!@&75525, poi1503385818528, poi35077, poi3171, TestName80895, poi85461, poi12651, poi38507, poi3380, 123456549597, @!@&91655, poi1503052284241, poi41632, poi1546, poi71323, poi87864, 123456513391, poi1503051822032, poi48586, poi1892, TestName36976, poi94324, poi41465, poi48314, poi11298, @!@&60843, TestName61305, poi21334, poi49399, poi39649, poi82319, 123456590128, 123456557309, @!@&49414, poi1503296931860, poi70008, poi9622, TestName55239, poi46792, poi99092, poi59771, poi14022, poi68131, poi16663, poi1503482872704, poi23832, poi9551, -54079, poi30165, poi89521, poi30836, @!@&30093, 123456578796, @!@&53623, TestName29835, poi48560, poi26472, poi90208, poi50370, poi31344, 123456590225, @!@&59128, TestName57602, poi39211, poi11271, poi18356, poi69578, poi81950, 123456517098, @!@&66494, TestName97195, poi33365, poi85908, poi59567, -75581, poi39896, poi96431, TestName64639, poi70585, poi46717, poi77820, -63816, poi12051, poi18682, poi63742, 123456550019, poi95885, @!@&37831, 123456547961, @!@&16515, 123456569784, @!@&24398, TestName71456, poi65208, poi39452, poi21974, poi30021, 123456529384, poi66762, @!@&47148, TestName87457, poi47935, poi56183, poi34743, poi12512, poi49083, 123456597308, 123456592705, TestName21127, poi56028, poi35197, poi61474, poi1503483901053, poi48306, poi5820, poi81897, @!@&67104, TestName78805, poi33161, poi61673, poi92800, poi73478, 123456554172, TestName39437, poi21925, poi37420, poi42616, 123456547624, poi1503927917593, poi78333, poi1503903075311, poi21542, poi3969, -94689, poi22672, poi91860, poi98998, @!@&32071, 123456516171, TestName98629, poi17043, poi68663, poi82888, poi1504008445836, poi27818, poi1988, TestName1503927993988, poi28112, poi77460, poi41633, -1503927981912, poi16458, poi79953, poi38047, @!@&1503927989489, poi81217, 12345651503927992327, -1504008511938, poi85399, poi78768, poi11900, @!@&1504008518803, poi90070, 12345651504008521161, poi52661, poi153396413423, poi9051, TestName1504008522710, poi49635, poi76659, poi99193, poi12942, -72463, poi19399, poi12988, poi59720, @!@&46374, poi2698, poi1503558471749, poi49579, poi56835, poi1503494828800, poi79598, poi9535, -11806, poi62035, poi58112, poi52307, @!@&28699, 123456569307, TestName41316, poi64761, poi46279, poi90390, poi1957, -39534, poi24616, poi23944, poi65783, @!@&75059, poi1503486290307, poi14151, poi50135, 123456547874, TestName33239, poi83857, poi29680, poi48761, poi56707, poi3930, poi38433, poi62249, poi46385, poi59893, TestName1504700636694, poi1504700640676, poi1504700641874, poi1504700642856, poi1505115993850, poi1505115999831, poi1505116103064, -1505116142795, poi1505116144235, poi1505116145140, poi1505116146007, @!@&1505116149485, TestName1505116154484, poi1505116156715, poi1505116157575, poi1505116158486, poi39781, 12345651505116152617, poi1505141673016, poi1505141677008, poi1505117920200, poi1505118302583, poi1505119399282, poi1505119402768, poi1505119416149, -1505119453773, poi1505119455206, poi1505119456064, poi1505119456911, @!@&1505119460133, TestName1505119464436, poi1505119466309, poi1505119467159, poi1505119468026, poi1505130539872, poi1505137248144, poi1505137257819, poi1505137259143, poi1505137260482, poi1505137936395, poi1505137957421, poi1505137959667, poi1505137960973, poi1505137962481, poi1505138611143, poi1505139155202, poi1505139157448, poi1505139158766, poi1505139160178, -1504620219792, poi47203, poi63910, poi35165, @!@&1504620226635, 12345651504620229254, TestName1504620231055, poi19546, poi27967, poi55736, poi1504620096556, poi20570, poi57330, poi6704, -1504620791190, poi1504620792652, poi1504620793608, poi1504620794433, @!@&1504620797821, poi1717, poi64501, 12345651504620800432, poi1504620662633, poi74572, poi9615, -1504700617649, poi1504700619956, poi1504700621037, poi1504700623867, @!@&1504700629344, poi38738, 12345651504700634116, poi1504700460236, poi1504700463350, poi1504700560682, TestName1504621874423, poi1504621876268, poi1504621877150, poi1504621878009, -1504621863962, poi1504621865320, poi1504621866191, poi1504621866990, @!@&1504621870186, poi4017, poi15023, 12345651504621872809, poi1504621720032, poi98341, TestName1504620802148, poi1504620804352, poi1504620805148, poi1504620806034, poi41730, poi8009, poi1504522984009, poi90374, -1504523102821, poi44096, poi96234, poi10532, @!@&1504523109165, poi5288, 12345651504523111474, TestName1504523113139, poi67079, poi60965, poi27366, -1504619667855, poi27532, poi95979, poi30521, @!@&1504619674215, 12345651504619676574, TestName1504619678205, poi53151, poi32942, poi64856, poi1504619547509, poi75912, poi64126, -1504272764285, poi14544, poi42271, poi48621, @!@&1504272770295, poi3352, 12345651504272772699, TestName1504272774344, poi69297, poi39190, poi80028, poi1504272658728, poi12385, poi24287, -1504273482709, poi10447, poi96028, poi38084, @!@&1504273488736, 12345651504273491275, TestName1504273492908, poi54741, poi90267, poi53658, poi1504273373159, poi98504, poi49693, 12345651504177765817, TestName1504177768209, poi1504177771410, poi1504177773205, poi1504177774332, poi1504177696221, -1504177749913, poi1504177751820, poi1504177752979, poi1504177754173, @!@&1504177760966, poi1504177627230, poi1504177630866, poi1504177115906, -1504177190982, poi17238, poi43594, poi26334, @!@&1504177204699, poi1504177047686, poi1504177053498, poi49590, poi91890, 12345651504177208809, TestName1504177211428, poi77708, poi23459, poi89229, -1504175408544, poi70395, poi83491, poi84688, @!@&1504175419505, poi1504175284099, poi68782, poi1938, 12345651504175423107, TestName1504175425346, poi42396, poi18701, poi52058, -1504097321862, poi92569, poi60969, poi42914, @!@&1504097328533, poi1504097227631, poi47212, poi66490, poi8055, 12345651504097330935, TestName1504097332861, poi99138, poi83487, poi14850, -1505227805682, poi1505227807957, poi1505227809576, poi1505227811434, @!@&1505227816753, poi1505227749218, poi1505227621467, poi1505227625672, poi82922, 12345651505227820853, TestName1505227823453, poi1505227826675, poi1505227828210, poi1505227829766, poi1505227831245, poi1505227837158, poi1505227840291, poi1505227843983, -1505141845109, poi1505141847507, poi1505141848727, poi1505141849763, @!@&1505141855084, 12345651505141858969, poi1505141786313, 12345651505119462738, poi98721, TestName1505141861629, poi1505141864874, poi1505141866237, poi1505141867523, poi1505141868574, poi1505141870537, poi1505141872796, poi1505141874866, poi1505295998534, poi1505296000895, poi1505296002395, poi1505296003811, 12345651505234166317, TestName1505234168913, poi1505234172351, poi1505234173699, poi1505234175219, poi1505234176354, poi1505234178650, poi1505234180965, poi1505234183051, poi1505234064122, poi1505234067765, -1505234150868, poi1505234153306, poi1505234154749, poi1505234156278, @!@&1505234161919, poi1505234083187, poi36069, poi94102, -1505805258810, poi1505805260531, poi1505805261582, poi1505805262726, @!@&1505805266443, poi1505805195444, poi1505805198418, poi1505805213992, 12345651505805269495, TestName1505805271511, poi1505805273692, poi1505805274751, poi1505805275744, poi1505805276760, poi1505805278316, poi1505805279874, poi1505805281522, poi1505822122129, poi1505822126096, poi1505822143036, poi1505827220650, poi1505827224454, -1505827448808, poi1505827451055, poi1505827452287, poi1505827453735, @!@&1505827459564, poi50554, poi41627, 12345651505827463875, poi1505827391898, TestName1505827467034, poi1505827470243, poi1505827471331, poi1505827472524, poi1505827473968, poi1505827476260, poi1505827478594, poi1505827480549, poi150096424, poi4405, poi43178, poi1472, poi47009, poi7985, poi21894, poi3246, poi34716, poi6737, poi1502875603347, poi60642, poi5271, poi1502875652147, poi95220, poi3457, poi9676, poi11037, poi29845, poi5972, poi6009, poi45447, poi7157, poi8680, poi5438, poi23450, poi1236, poi15018, poi9280, poi6147, poi49746, poi4399, poi9994, poi94014, poi1260, poi2983, poi8381, poi55932, poi3366, poi3575, poipoi25351, poi3307, poi74576, poi6727, poi24966, poi8141, poi5027, poipoi56944, poipoi5823, poi6502, poipoi89923, poipoi1805, poi6390, poipoi83226, poi2, poipoi0, poi150096413423, poi1443, poipoi69745, poi3099, poipoi83294, poi6475, poipoi17952, poi6249, poipoi92242, poi7130, poipoi43345, poi5123, poipoi16748, poi5684, poipoi49084, poi5857, poipoi88007, poipoi5, poi6, poipoi7, poi8512, poi25001, TestName43101, poi68469, poi99783, poi89641, poi95803, TestName32048, TestName84771, TestName33132, TestName74659, TestName59441, TestName14893, TestName, poi6057, poi1748, poi42419, TestName61205, poi6444, poi44804, TestName29910, poi79167, TestName55502, poi22194, TestName40651, poi39494, poi10809, TestName55495, poi92147, poi77159, poi68535, poi56788, poi28582, poi71507, poi84118, poi67020, poi94984, poi71762, poi94284, poi46167, poi84733, poi69613, poi57558, poi44645, poi53181, poi60429, poi21085, poi68938, poi31043, poi71911, poi69765, poi1505827465506, poi1505805270482, poi1505234167414, poi1505119463605, poi1505141860298, poi1505227822202, poi71140, poi20364, poi80350, poi1504177767222, poi94152, poi12362, poi87625, poi46829, poi1504621873604, poi1504700635399, poi1504620801316, poi95322, poi1505116153548, poi15009122423, poi1500 922423, poi11500 922423, poi11500 422423, poi1 500 922423, poi231174500833191, poi278759500986150, poi1503385931348, poi27875950098226150, poi1503314969355, poi1503316123519, poi1503318403077, poi1503483570033, poi1503482977731, poi1503484060745, poi1503494910110, poi1503556226638, poi1503556287682, poi1503556540431, poi279500986150, poi1503557410236, poi1503557560884, poi1503486344395, poi2787595006150, poi1503557660894, poi1503927998716, poi1504008527076, poi1503903246743, poi1503918638642, poi1503558572345, poi27875978987006150, poi1505116159537, poi1504700644058, poi1504870409951, poi1504876552690, poi1504877466119, poi1505113547134, poi1504877525554, poi1505114807971, poi1505113911972, poi1504620235339, poi1504621878897, poi1504620806892, poi1504523117759, poi1504619682599, poi1504272778480, poi1504273497254, poi1504177775963, poi1504253080612, poi1504177218078, poi1504175434201, poi1504097337325, poi1505227849601, poi278759506123213150, poi1505213584335, poi1505217208253, poi1505217573501, poi1505217784256, poi1505218053320, poi1505218255270, poi1505199725726, poi1505221726734, poi1505223321007, poi1505141876955, poi278759506150, poi1505201162872, poi1505201666600, poi1505201798889, poi1505203404789, poi1505204048338, poi1505204171800, poi1505204212759, poi1505204522324, poi27875950623232150, poi1505204663244, poi1505205235576, poi1505205795086, poi1505205828624, poi1505205869749, poi1505205968282, poi1505206076181, poi1505206184752, poi1505206260311, poi1505206487757, poi1505206587479, poi1505207665813, poi1505207764776, poi1505209135787, poi1505209443900, poi1505210543802, poi1505210686691, poi1505210808575, poi1505210841939, poi1505210884812, poi1505211090877, poi1505211244804, poi1505211291632, poi1505211394581, poi1505211444831, poi1505211588224, poi1505211676190, poi1505211727580, poi1505211784558, poi1505211848322, poi1505212476511, poi1505212576486, poi1505213106531, poi1505234184991, poi1505228035534, poi1505805283309, poi1505802229446, poi1505474377960, poi1505477187990, poi1505717067575, poi1505480292443, poi1505827482545, poi1505805995975]

	at sun.reflect.NativeConstructorAccessorImpl.newInstance0(Native Method)
	at sun.reflect.NativeConstructorAccessorImpl.newInstance(Unknown Source)
	at sun.reflect.DelegatingConstructorAccessorImpl.newInstance(Unknown Source)
	at java.lang.reflect.Constructor.newInstance(Unknown Source)
	at org.codehaus.groovy.reflection.CachedConstructor.invoke(CachedConstructor.java:83)
	at org.codehaus.groovy.reflection.CachedConstructor.doConstructorInvoke(CachedConstructor.java:77)
	at org.codehaus.groovy.runtime.callsite.ConstructorSite$ConstructorSiteNoUnwrap.callConstructor(ConstructorSite.java:84)
	at org.codehaus.groovy.runtime.callsite.CallSiteArray.defaultCallConstructor(CallSiteArray.java:60)
	at org.codehaus.groovy.runtime.callsite.AbstractCallSite.callConstructor(AbstractCallSite.java:235)
	at org.codehaus.groovy.runtime.callsite.AbstractCallSite.callConstructor(AbstractCallSite.java:247)
	at io.restassured.internal.ResponseSpecificationImpl$HamcrestAssertionClosure.validate(ResponseSpecificationImpl.groovy:471)
	at io.restassured.internal.ResponseSpecificationImpl$HamcrestAssertionClosure$validate$1.call(Unknown Source)
	at io.restassured.internal.ResponseSpecificationImpl.validateResponseIfRequired(ResponseSpecificationImpl.groovy:643)
	at sun.reflect.NativeMethodAccessorImpl.invoke0(Native Method)
	at sun.reflect.NativeMethodAccessorImpl.invoke(Unknown Source)
	at sun.reflect.DelegatingMethodAccessorImpl.invoke(Unknown Source)
	at java.lang.reflect.Method.invoke(Unknown Source)
	at org.codehaus.groovy.runtime.callsite.PogoMetaMethodSite$PogoCachedMethodSiteNoUnwrapNoCoerce.invoke(PogoMetaMethodSite.java:210)
	at org.codehaus.groovy.runtime.callsite.PogoMetaMethodSite.callCurrent(PogoMetaMethodSite.java:59)
	at org.codehaus.groovy.runtime.callsite.AbstractCallSite.callCurrent(AbstractCallSite.java:166)
	at io.restassured.internal.ResponseSpecificationImpl.content(ResponseSpecificationImpl.groovy:265)
	at io.restassured.specification.ResponseSpecification$content$0.callCurrent(Unknown Source)
	at org.codehaus.groovy.runtime.callsite.CallSiteArray.defaultCallCurrent(CallSiteArray.java:52)
	at io.restassured.specification.ResponseSpecification$content$0.callCurrent(Unknown Source)
	at io.restassured.internal.ResponseSpecificationImpl.body(ResponseSpecificationImpl.groovy:248)
	at io.restassured.internal.ValidatableResponseOptionsImpl.body(ValidatableResponseOptionsImpl.java:268)
	at com.pointr.tests.mapdesigner.MapDesignerExportData.test_Map_Designer_Export_Data(MapDesignerExportData.java:57)
	at sun.reflect.NativeMethodAccessorImpl.invoke0(Native Method)
	at sun.reflect.NativeMethodAccessorImpl.invoke(Unknown Source)
	at sun.reflect.DelegatingMethodAccessorImpl.invoke(Unknown Source)
	at java.lang.reflect.Method.invoke(Unknown Source)
	at org.testng.internal.MethodInvocationHelper.invokeMethod(MethodInvocationHelper.java:80)
	at org.testng.internal.Invoker.invokeMethod(Invoker.java:714)
	at org.testng.internal.Invoker.invokeTestMethod(Invoker.java:901)
	at org.testng.internal.Invoker.invokeTestMethods(Invoker.java:1231)
	at org.testng.internal.TestMethodWorker.invokeTestMethods(TestMethodWorker.java:127)
	at org.testng.internal.TestMethodWorker.run(TestMethodWorker.java:111)
	at org.testng.TestRunner.privateRun(TestRunner.java:767)
	at org.testng.TestRunner.run(TestRunner.java:617)
	at org.testng.SuiteRunner.runTest(SuiteRunner.java:334)
	at org.testng.SuiteRunner.runSequentially(SuiteRunner.java:329)
	at org.testng.SuiteRunner.privateRun(SuiteRunner.java:291)
	at org.testng.SuiteRunner.run(SuiteRunner.java:240)
	at org.testng.SuiteRunnerWorker.runSuite(SuiteRunnerWorker.java:52)
	at org.testng.SuiteRunnerWorker.run(SuiteRunnerWorker.java:86)
	at org.testng.TestNG.runSuitesSequentially(TestNG.java:1198)
	at org.testng.TestNG.runSuitesLocally(TestNG.java:1123)
	at org.testng.TestNG.run(TestNG.java:1031)
	at org.testng.remote.AbstractRemoteTestNG.run(AbstractRemoteTestNG.java:132)
	at org.testng.remote.RemoteTestNG.initAndRun(RemoteTestNG.java:236)
	at org.testng.remote.RemoteTestNG.main(RemoteTestNG.java:81)
]]>
    </error>
  </testcase> <!-- test_Map_Designer_Export_Data -->
</testsuite> <!-- com.pointr.tests.mapdesigner.MapDesignerExportData -->
