<?xml version="1.0" encoding="UTF-8"?>
<!-- Generated by org.testng.reporters.JUnitReportReporter -->
<testsuite hostname="360NDCPC038" name="com.pointr.tests.poi.POIPublish" tests="4" failures="0" timestamp="13 Sep 2017 09:46:45 GMT" time="6.734" errors="0">
  <testcase name="test_Publish_Poi_With_Blank_Device_Identifier" time="2.359" classname="com.pointr.tests.poi.POIPublish"/>
  <testcase name="test_Publish_Poi_With_Invalid_Device_Identifier" time="1.414" classname="com.pointr.tests.poi.POIPublish"/>
  <testcase name="test_Publish_Poi_With_Blank_Token" time="1.500" classname="com.pointr.tests.poi.POIPublish"/>
  <testcase name="test_Publish_Poi_With_Invalid_Token" time="1.461" classname="com.pointr.tests.poi.POIPublish"/>
</testsuite> <!-- com.pointr.tests.poi.POIPublish -->
