<?xml version="1.0" encoding="UTF-8"?>
<!-- Generated by org.testng.reporters.JUnitReportReporter -->
<testsuite hostname="360NDCPC038" name="com.pointr.configure.ExceptionLogs" tests="5" failures="0" timestamp="15 Sep 2017 10:15:19 GMT" time="3.052" errors="0">
  <testcase name="test03_Retrieve_Exception_Logs_With_Blank_Token" time="0.455" classname="com.pointr.configure.ExceptionLogs"/>
  <testcase name="test01_Retrieve_Exception_Logs_With_Valid_Data" time="1.240" classname="com.pointr.configure.ExceptionLogs"/>
  <testcase name="test05_Retrieve_Exception_Logs_With_Blank_Device_Identifier" time="0.448" classname="com.pointr.configure.ExceptionLogs"/>
  <testcase name="test02_Retrieve_Exception_Logs_With_Invalid_Token" time="0.447" classname="com.pointr.configure.ExceptionLogs"/>
  <testcase name="test04_Retrieve_Exception_Logs_With_Invalid_Device_Identifier" time="0.462" classname="com.pointr.configure.ExceptionLogs"/>
</testsuite> <!-- com.pointr.configure.ExceptionLogs -->
